2023-04-15 10:00:02,003 INFO [Cleanup Archive for default] o.a.n.c.repository.FileSystemRepository Successfully deleted 0 files (0 bytes) from archive
2023-04-15 10:00:02,004 INFO [Cleanup Archive for default] o.a.n.c.repository.FileSystemRepository Archive cleanup completed for container default; will now allow writing to this container. Bytes used = 141.51 GB, bytes free = 84.85 GB, capacity = 226.36 GB
2023-04-15 10:00:13,457 INFO [pool-7-thread-1] o.a.n.c.r.WriteAheadFlowFileRepository Initiating checkpoint of FlowFile Repository
2023-04-15 10:00:13,460 INFO [pool-7-thread-1] o.a.n.c.r.WriteAheadFlowFileRepository Successfully checkpointed FlowFile Repository with 0 records in 0 milliseconds
2023-04-15 10:00:33,463 INFO [pool-7-thread-1] o.a.n.c.r.WriteAheadFlowFileRepository Initiating checkpoint of FlowFile Repository
2023-04-15 10:00:33,465 INFO [pool-7-thread-1] o.a.n.c.r.WriteAheadFlowFileRepository Successfully checkpointed FlowFile Repository with 0 records in 0 milliseconds
2023-04-15 10:00:53,467 INFO [pool-7-thread-1] o.a.n.c.r.WriteAheadFlowFileRepository Initiating checkpoint of FlowFile Repository
2023-04-15 10:00:53,468 INFO [pool-7-thread-1] o.a.n.c.r.WriteAheadFlowFileRepository Successfully checkpointed FlowFile Repository with 0 records in 0 milliseconds
2023-04-15 10:01:02,160 INFO [Cleanup Archive for default] o.a.n.c.repository.FileSystemRepository Successfully deleted 0 files (0 bytes) from archive
2023-04-15 10:01:02,160 INFO [Cleanup Archive for default] o.a.n.c.repository.FileSystemRepository Archive cleanup completed for container default; will now allow writing to this container. Bytes used = 141.51 GB, bytes free = 84.85 GB, capacity = 226.36 GB
2023-04-15 10:01:13,470 INFO [pool-7-thread-1] o.a.n.c.r.WriteAheadFlowFileRepository Initiating checkpoint of FlowFile Repository
2023-04-15 10:01:13,470 INFO [pool-7-thread-1] o.a.n.c.r.WriteAheadFlowFileRepository Successfully checkpointed FlowFile Repository with 0 records in 0 milliseconds
2023-04-15 10:01:33,472 INFO [pool-7-thread-1] o.a.n.c.r.WriteAheadFlowFileRepository Initiating checkpoint of FlowFile Repository
2023-04-15 10:01:33,473 INFO [pool-7-thread-1] o.a.n.c.r.WriteAheadFlowFileRepository Successfully checkpointed FlowFile Repository with 0 records in 0 milliseconds
2023-04-15 10:01:53,476 INFO [pool-7-thread-1] o.a.n.c.r.WriteAheadFlowFileRepository Initiating checkpoint of FlowFile Repository
2023-04-15 10:01:53,477 INFO [pool-7-thread-1] o.a.n.c.r.WriteAheadFlowFileRepository Successfully checkpointed FlowFile Repository with 0 records in 0 milliseconds
2023-04-15 10:01:56,378 INFO [Write-Ahead Local State Provider Maintenance] org.wali.MinimalLockingWriteAheadLog org.wali.MinimalLockingWriteAheadLog@4181a180 checkpointed with 1 Records and 0 Swap Files in 64 milliseconds (Stop-the-world time = 28 milliseconds, Clear Edit Logs time = 22 millis), max Transaction ID 6
2023-04-15 10:02:02,284 INFO [Cleanup Archive for default] o.a.n.c.repository.FileSystemRepository Successfully deleted 0 files (0 bytes) from archive
2023-04-15 10:02:02,284 INFO [Cleanup Archive for default] o.a.n.c.repository.FileSystemRepository Archive cleanup completed for container default; will now allow writing to this container. Bytes used = 141.51 GB, bytes free = 84.85 GB, capacity = 226.36 GB
2023-04-15 10:02:13,478 INFO [pool-7-thread-1] o.a.n.c.r.WriteAheadFlowFileRepository Initiating checkpoint of FlowFile Repository
2023-04-15 10:02:13,480 INFO [pool-7-thread-1] o.a.n.c.r.WriteAheadFlowFileRepository Successfully checkpointed FlowFile Repository with 0 records in 0 milliseconds
2023-04-15 10:02:33,484 INFO [pool-7-thread-1] o.a.n.c.r.WriteAheadFlowFileRepository Initiating checkpoint of FlowFile Repository
2023-04-15 10:02:33,485 INFO [pool-7-thread-1] o.a.n.c.r.WriteAheadFlowFileRepository Successfully checkpointed FlowFile Repository with 0 records in 0 milliseconds
2023-04-15 10:02:53,487 INFO [pool-7-thread-1] o.a.n.c.r.WriteAheadFlowFileRepository Initiating checkpoint of FlowFile Repository
2023-04-15 10:02:53,488 INFO [pool-7-thread-1] o.a.n.c.r.WriteAheadFlowFileRepository Successfully checkpointed FlowFile Repository with 0 records in 0 milliseconds
2023-04-15 10:03:02,407 INFO [Cleanup Archive for default] o.a.n.c.repository.FileSystemRepository Successfully deleted 0 files (0 bytes) from archive
2023-04-15 10:03:02,408 INFO [Cleanup Archive for default] o.a.n.c.repository.FileSystemRepository Archive cleanup completed for container default; will now allow writing to this container. Bytes used = 141.52 GB, bytes free = 84.85 GB, capacity = 226.36 GB
2023-04-15 10:03:13,492 INFO [pool-7-thread-1] o.a.n.c.r.WriteAheadFlowFileRepository Initiating checkpoint of FlowFile Repository
2023-04-15 10:03:13,493 INFO [pool-7-thread-1] o.a.n.c.r.WriteAheadFlowFileRepository Successfully checkpointed FlowFile Repository with 0 records in 0 milliseconds
2023-04-15 10:03:33,497 INFO [pool-7-thread-1] o.a.n.c.r.WriteAheadFlowFileRepository Initiating checkpoint of FlowFile Repository
2023-04-15 10:03:33,499 INFO [pool-7-thread-1] o.a.n.c.r.WriteAheadFlowFileRepository Successfully checkpointed FlowFile Repository with 0 records in 0 milliseconds
2023-04-15 10:03:53,503 INFO [pool-7-thread-1] o.a.n.c.r.WriteAheadFlowFileRepository Initiating checkpoint of FlowFile Repository
2023-04-15 10:03:53,504 INFO [pool-7-thread-1] o.a.n.c.r.WriteAheadFlowFileRepository Successfully checkpointed FlowFile Repository with 0 records in 0 milliseconds
2023-04-15 10:03:56,482 INFO [Write-Ahead Local State Provider Maintenance] org.wali.MinimalLockingWriteAheadLog org.wali.MinimalLockingWriteAheadLog@4181a180 checkpointed with 1 Records and 0 Swap Files in 99 milliseconds (Stop-the-world time = 60 milliseconds, Clear Edit Logs time = 22 millis), max Transaction ID 6
2023-04-15 10:04:02,512 INFO [Cleanup Archive for default] o.a.n.c.repository.FileSystemRepository Successfully deleted 0 files (0 bytes) from archive
2023-04-15 10:04:02,512 INFO [Cleanup Archive for default] o.a.n.c.repository.FileSystemRepository Archive cleanup completed for container default; will now allow writing to this container. Bytes used = 141.51 GB, bytes free = 84.85 GB, capacity = 226.36 GB
2023-04-15 10:04:13,506 INFO [pool-7-thread-1] o.a.n.c.r.WriteAheadFlowFileRepository Initiating checkpoint of FlowFile Repository
2023-04-15 10:04:13,507 INFO [pool-7-thread-1] o.a.n.c.r.WriteAheadFlowFileRepository Successfully checkpointed FlowFile Repository with 0 records in 0 milliseconds
2023-04-15 10:04:33,510 INFO [pool-7-thread-1] o.a.n.c.r.WriteAheadFlowFileRepository Initiating checkpoint of FlowFile Repository
2023-04-15 10:04:33,511 INFO [pool-7-thread-1] o.a.n.c.r.WriteAheadFlowFileRepository Successfully checkpointed FlowFile Repository with 0 records in 0 milliseconds
2023-04-15 10:04:53,514 INFO [pool-7-thread-1] o.a.n.c.r.WriteAheadFlowFileRepository Initiating checkpoint of FlowFile Repository
2023-04-15 10:04:53,515 INFO [pool-7-thread-1] o.a.n.c.r.WriteAheadFlowFileRepository Successfully checkpointed FlowFile Repository with 0 records in 0 milliseconds
2023-04-15 10:05:02,629 INFO [Cleanup Archive for default] o.a.n.c.repository.FileSystemRepository Successfully deleted 0 files (0 bytes) from archive
2023-04-15 10:05:02,629 INFO [Cleanup Archive for default] o.a.n.c.repository.FileSystemRepository Archive cleanup completed for container default; will now allow writing to this container. Bytes used = 141.52 GB, bytes free = 84.84 GB, capacity = 226.36 GB
2023-04-15 10:05:13,516 INFO [pool-7-thread-1] o.a.n.c.r.WriteAheadFlowFileRepository Initiating checkpoint of FlowFile Repository
2023-04-15 10:05:13,518 INFO [pool-7-thread-1] o.a.n.c.r.WriteAheadFlowFileRepository Successfully checkpointed FlowFile Repository with 0 records in 0 milliseconds
2023-04-15 10:05:33,520 INFO [pool-7-thread-1] o.a.n.c.r.WriteAheadFlowFileRepository Initiating checkpoint of FlowFile Repository
2023-04-15 10:05:33,521 INFO [pool-7-thread-1] o.a.n.c.r.WriteAheadFlowFileRepository Successfully checkpointed FlowFile Repository with 0 records in 0 milliseconds
2023-04-15 10:05:53,524 INFO [pool-7-thread-1] o.a.n.c.r.WriteAheadFlowFileRepository Initiating checkpoint of FlowFile Repository
2023-04-15 10:05:53,526 INFO [pool-7-thread-1] o.a.n.c.r.WriteAheadFlowFileRepository Successfully checkpointed FlowFile Repository with 0 records in 0 milliseconds
2023-04-15 10:05:56,580 INFO [Write-Ahead Local State Provider Maintenance] org.wali.MinimalLockingWriteAheadLog org.wali.MinimalLockingWriteAheadLog@4181a180 checkpointed with 1 Records and 0 Swap Files in 92 milliseconds (Stop-the-world time = 60 milliseconds, Clear Edit Logs time = 18 millis), max Transaction ID 6
2023-04-15 10:06:02,740 INFO [Cleanup Archive for default] o.a.n.c.repository.FileSystemRepository Successfully deleted 0 files (0 bytes) from archive
2023-04-15 10:06:02,740 INFO [Cleanup Archive for default] o.a.n.c.repository.FileSystemRepository Archive cleanup completed for container default; will now allow writing to this container. Bytes used = 141.52 GB, bytes free = 84.84 GB, capacity = 226.36 GB
2023-04-15 10:06:13,527 INFO [pool-7-thread-1] o.a.n.c.r.WriteAheadFlowFileRepository Initiating checkpoint of FlowFile Repository
2023-04-15 10:06:13,529 INFO [pool-7-thread-1] o.a.n.c.r.WriteAheadFlowFileRepository Successfully checkpointed FlowFile Repository with 0 records in 0 milliseconds
2023-04-15 10:06:33,533 INFO [pool-7-thread-1] o.a.n.c.r.WriteAheadFlowFileRepository Initiating checkpoint of FlowFile Repository
2023-04-15 10:06:33,534 INFO [pool-7-thread-1] o.a.n.c.r.WriteAheadFlowFileRepository Successfully checkpointed FlowFile Repository with 0 records in 0 milliseconds
2023-04-15 10:06:53,538 INFO [pool-7-thread-1] o.a.n.c.r.WriteAheadFlowFileRepository Initiating checkpoint of FlowFile Repository
2023-04-15 10:06:53,538 INFO [pool-7-thread-1] o.a.n.c.r.WriteAheadFlowFileRepository Successfully checkpointed FlowFile Repository with 0 records in 0 milliseconds
2023-04-15 10:07:02,860 INFO [Cleanup Archive for default] o.a.n.c.repository.FileSystemRepository Successfully deleted 0 files (0 bytes) from archive
2023-04-15 10:07:02,861 INFO [Cleanup Archive for default] o.a.n.c.repository.FileSystemRepository Archive cleanup completed for container default; will now allow writing to this container. Bytes used = 141.52 GB, bytes free = 84.84 GB, capacity = 226.36 GB
2023-04-15 10:07:13,539 INFO [pool-7-thread-1] o.a.n.c.r.WriteAheadFlowFileRepository Initiating checkpoint of FlowFile Repository
2023-04-15 10:07:13,541 INFO [pool-7-thread-1] o.a.n.c.r.WriteAheadFlowFileRepository Successfully checkpointed FlowFile Repository with 0 records in 0 milliseconds
2023-04-15 10:07:33,545 INFO [pool-7-thread-1] o.a.n.c.r.WriteAheadFlowFileRepository Initiating checkpoint of FlowFile Repository
2023-04-15 10:07:33,546 INFO [pool-7-thread-1] o.a.n.c.r.WriteAheadFlowFileRepository Successfully checkpointed FlowFile Repository with 0 records in 0 milliseconds
2023-04-15 10:07:53,548 INFO [pool-7-thread-1] o.a.n.c.r.WriteAheadFlowFileRepository Initiating checkpoint of FlowFile Repository
2023-04-15 10:07:53,549 INFO [pool-7-thread-1] o.a.n.c.r.WriteAheadFlowFileRepository Successfully checkpointed FlowFile Repository with 0 records in 0 milliseconds
2023-04-15 10:07:56,676 INFO [Write-Ahead Local State Provider Maintenance] org.wali.MinimalLockingWriteAheadLog org.wali.MinimalLockingWriteAheadLog@4181a180 checkpointed with 1 Records and 0 Swap Files in 90 milliseconds (Stop-the-world time = 54 milliseconds, Clear Edit Logs time = 20 millis), max Transaction ID 6
2023-04-15 10:08:02,973 INFO [Cleanup Archive for default] o.a.n.c.repository.FileSystemRepository Successfully deleted 0 files (0 bytes) from archive
2023-04-15 10:08:02,973 INFO [Cleanup Archive for default] o.a.n.c.repository.FileSystemRepository Archive cleanup completed for container default; will now allow writing to this container. Bytes used = 141.52 GB, bytes free = 84.84 GB, capacity = 226.36 GB
2023-04-15 10:08:13,550 INFO [pool-7-thread-1] o.a.n.c.r.WriteAheadFlowFileRepository Initiating checkpoint of FlowFile Repository
2023-04-15 10:08:13,551 INFO [pool-7-thread-1] o.a.n.c.r.WriteAheadFlowFileRepository Successfully checkpointed FlowFile Repository with 0 records in 0 milliseconds
2023-04-15 10:08:33,554 INFO [pool-7-thread-1] o.a.n.c.r.WriteAheadFlowFileRepository Initiating checkpoint of FlowFile Repository
2023-04-15 10:08:33,555 INFO [pool-7-thread-1] o.a.n.c.r.WriteAheadFlowFileRepository Successfully checkpointed FlowFile Repository with 0 records in 0 milliseconds
2023-04-15 10:08:53,558 INFO [pool-7-thread-1] o.a.n.c.r.WriteAheadFlowFileRepository Initiating checkpoint of FlowFile Repository
2023-04-15 10:08:53,559 INFO [pool-7-thread-1] o.a.n.c.r.WriteAheadFlowFileRepository Successfully checkpointed FlowFile Repository with 0 records in 0 milliseconds
2023-04-15 10:09:03,081 INFO [Cleanup Archive for default] o.a.n.c.repository.FileSystemRepository Successfully deleted 0 files (0 bytes) from archive
2023-04-15 10:09:03,081 INFO [Cleanup Archive for default] o.a.n.c.repository.FileSystemRepository Archive cleanup completed for container default; will now allow writing to this container. Bytes used = 141.52 GB, bytes free = 84.84 GB, capacity = 226.36 GB
2023-04-15 10:09:13,561 INFO [pool-7-thread-1] o.a.n.c.r.WriteAheadFlowFileRepository Initiating checkpoint of FlowFile Repository
2023-04-15 10:09:13,562 INFO [pool-7-thread-1] o.a.n.c.r.WriteAheadFlowFileRepository Successfully checkpointed FlowFile Repository with 0 records in 0 milliseconds
2023-04-15 10:09:33,564 INFO [pool-7-thread-1] o.a.n.c.r.WriteAheadFlowFileRepository Initiating checkpoint of FlowFile Repository
2023-04-15 10:09:33,565 INFO [pool-7-thread-1] o.a.n.c.r.WriteAheadFlowFileRepository Successfully checkpointed FlowFile Repository with 0 records in 0 milliseconds
2023-04-15 10:09:53,568 INFO [pool-7-thread-1] o.a.n.c.r.WriteAheadFlowFileRepository Initiating checkpoint of FlowFile Repository
2023-04-15 10:09:53,570 INFO [pool-7-thread-1] o.a.n.c.r.WriteAheadFlowFileRepository Successfully checkpointed FlowFile Repository with 0 records in 0 milliseconds
2023-04-15 10:09:56,783 INFO [Write-Ahead Local State Provider Maintenance] org.wali.MinimalLockingWriteAheadLog org.wali.MinimalLockingWriteAheadLog@4181a180 checkpointed with 1 Records and 0 Swap Files in 101 milliseconds (Stop-the-world time = 62 milliseconds, Clear Edit Logs time = 27 millis), max Transaction ID 6
2023-04-15 10:10:03,216 INFO [Cleanup Archive for default] o.a.n.c.repository.FileSystemRepository Successfully deleted 0 files (0 bytes) from archive
2023-04-15 10:10:03,216 INFO [Cleanup Archive for default] o.a.n.c.repository.FileSystemRepository Archive cleanup completed for container default; will now allow writing to this container. Bytes used = 141.52 GB, bytes free = 84.84 GB, capacity = 226.36 GB
2023-04-15 10:10:13,572 INFO [pool-7-thread-1] o.a.n.c.r.WriteAheadFlowFileRepository Initiating checkpoint of FlowFile Repository
2023-04-15 10:10:13,573 INFO [pool-7-thread-1] o.a.n.c.r.WriteAheadFlowFileRepository Successfully checkpointed FlowFile Repository with 0 records in 0 milliseconds
2023-04-15 10:10:33,575 INFO [pool-7-thread-1] o.a.n.c.r.WriteAheadFlowFileRepository Initiating checkpoint of FlowFile Repository
2023-04-15 10:10:33,576 INFO [pool-7-thread-1] o.a.n.c.r.WriteAheadFlowFileRepository Successfully checkpointed FlowFile Repository with 0 records in 0 milliseconds
2023-04-15 10:10:53,577 INFO [pool-7-thread-1] o.a.n.c.r.WriteAheadFlowFileRepository Initiating checkpoint of FlowFile Repository
2023-04-15 10:10:53,578 INFO [pool-7-thread-1] o.a.n.c.r.WriteAheadFlowFileRepository Successfully checkpointed FlowFile Repository with 0 records in 0 milliseconds
2023-04-15 10:11:03,339 INFO [Cleanup Archive for default] o.a.n.c.repository.FileSystemRepository Successfully deleted 0 files (0 bytes) from archive
2023-04-15 10:11:03,340 INFO [Cleanup Archive for default] o.a.n.c.repository.FileSystemRepository Archive cleanup completed for container default; will now allow writing to this container. Bytes used = 141.52 GB, bytes free = 84.84 GB, capacity = 226.36 GB
2023-04-15 10:11:13,580 INFO [pool-7-thread-1] o.a.n.c.r.WriteAheadFlowFileRepository Initiating checkpoint of FlowFile Repository
2023-04-15 10:11:13,583 INFO [pool-7-thread-1] o.a.n.c.r.WriteAheadFlowFileRepository Successfully checkpointed FlowFile Repository with 0 records in 0 milliseconds
2023-04-15 10:11:33,584 INFO [pool-7-thread-1] o.a.n.c.r.WriteAheadFlowFileRepository Initiating checkpoint of FlowFile Repository
2023-04-15 10:11:33,586 INFO [pool-7-thread-1] o.a.n.c.r.WriteAheadFlowFileRepository Successfully checkpointed FlowFile Repository with 0 records in 0 milliseconds
2023-04-15 10:11:53,587 INFO [pool-7-thread-1] o.a.n.c.r.WriteAheadFlowFileRepository Initiating checkpoint of FlowFile Repository
2023-04-15 10:11:53,588 INFO [pool-7-thread-1] o.a.n.c.r.WriteAheadFlowFileRepository Successfully checkpointed FlowFile Repository with 0 records in 0 milliseconds
2023-04-15 10:11:56,885 INFO [Write-Ahead Local State Provider Maintenance] org.wali.MinimalLockingWriteAheadLog org.wali.MinimalLockingWriteAheadLog@4181a180 checkpointed with 1 Records and 0 Swap Files in 102 milliseconds (Stop-the-world time = 54 milliseconds, Clear Edit Logs time = 31 millis), max Transaction ID 6
2023-04-15 10:12:03,479 INFO [Cleanup Archive for default] o.a.n.c.repository.FileSystemRepository Successfully deleted 0 files (0 bytes) from archive
2023-04-15 10:12:03,479 INFO [Cleanup Archive for default] o.a.n.c.repository.FileSystemRepository Archive cleanup completed for container default; will now allow writing to this container. Bytes used = 141.52 GB, bytes free = 84.84 GB, capacity = 226.36 GB
2023-04-15 10:12:13,590 INFO [pool-7-thread-1] o.a.n.c.r.WriteAheadFlowFileRepository Initiating checkpoint of FlowFile Repository
2023-04-15 10:12:13,591 INFO [pool-7-thread-1] o.a.n.c.r.WriteAheadFlowFileRepository Successfully checkpointed FlowFile Repository with 0 records in 0 milliseconds
2023-04-15 10:12:33,592 INFO [pool-7-thread-1] o.a.n.c.r.WriteAheadFlowFileRepository Initiating checkpoint of FlowFile Repository
2023-04-15 10:12:33,593 INFO [pool-7-thread-1] o.a.n.c.r.WriteAheadFlowFileRepository Successfully checkpointed FlowFile Repository with 0 records in 0 milliseconds
2023-04-15 10:12:53,595 INFO [pool-7-thread-1] o.a.n.c.r.WriteAheadFlowFileRepository Initiating checkpoint of FlowFile Repository
2023-04-15 10:12:53,595 INFO [pool-7-thread-1] o.a.n.c.r.WriteAheadFlowFileRepository Successfully checkpointed FlowFile Repository with 0 records in 0 milliseconds
2023-04-15 10:13:03,592 INFO [Cleanup Archive for default] o.a.n.c.repository.FileSystemRepository Successfully deleted 0 files (0 bytes) from archive
2023-04-15 10:13:03,592 INFO [Cleanup Archive for default] o.a.n.c.repository.FileSystemRepository Archive cleanup completed for container default; will now allow writing to this container. Bytes used = 141.52 GB, bytes free = 84.84 GB, capacity = 226.36 GB
2023-04-15 10:13:13,596 INFO [pool-7-thread-1] o.a.n.c.r.WriteAheadFlowFileRepository Initiating checkpoint of FlowFile Repository
2023-04-15 10:13:13,597 INFO [pool-7-thread-1] o.a.n.c.r.WriteAheadFlowFileRepository Successfully checkpointed FlowFile Repository with 0 records in 0 milliseconds
2023-04-15 10:13:33,597 INFO [pool-7-thread-1] o.a.n.c.r.WriteAheadFlowFileRepository Initiating checkpoint of FlowFile Repository
2023-04-15 10:13:33,599 INFO [pool-7-thread-1] o.a.n.c.r.WriteAheadFlowFileRepository Successfully checkpointed FlowFile Repository with 0 records in 0 milliseconds
2023-04-15 10:13:53,600 INFO [pool-7-thread-1] o.a.n.c.r.WriteAheadFlowFileRepository Initiating checkpoint of FlowFile Repository
2023-04-15 10:13:53,602 INFO [pool-7-thread-1] o.a.n.c.r.WriteAheadFlowFileRepository Successfully checkpointed FlowFile Repository with 0 records in 0 milliseconds
2023-04-15 10:13:56,985 INFO [Write-Ahead Local State Provider Maintenance] org.wali.MinimalLockingWriteAheadLog org.wali.MinimalLockingWriteAheadLog@4181a180 checkpointed with 1 Records and 0 Swap Files in 98 milliseconds (Stop-the-world time = 64 milliseconds, Clear Edit Logs time = 22 millis), max Transaction ID 6
2023-04-15 10:14:03,669 INFO [Cleanup Archive for default] o.a.n.c.repository.FileSystemRepository Successfully deleted 0 files (0 bytes) from archive
2023-04-15 10:14:03,669 INFO [Cleanup Archive for default] o.a.n.c.repository.FileSystemRepository Archive cleanup completed for container default; will now allow writing to this container. Bytes used = 141.52 GB, bytes free = 84.84 GB, capacity = 226.36 GB
2023-04-15 10:14:13,603 INFO [pool-7-thread-1] o.a.n.c.r.WriteAheadFlowFileRepository Initiating checkpoint of FlowFile Repository
2023-04-15 10:14:13,605 INFO [pool-7-thread-1] o.a.n.c.r.WriteAheadFlowFileRepository Successfully checkpointed FlowFile Repository with 0 records in 0 milliseconds
2023-04-15 10:14:33,607 INFO [pool-7-thread-1] o.a.n.c.r.WriteAheadFlowFileRepository Initiating checkpoint of FlowFile Repository
2023-04-15 10:14:33,608 INFO [pool-7-thread-1] o.a.n.c.r.WriteAheadFlowFileRepository Successfully checkpointed FlowFile Repository with 0 records in 0 milliseconds
2023-04-15 10:14:53,611 INFO [pool-7-thread-1] o.a.n.c.r.WriteAheadFlowFileRepository Initiating checkpoint of FlowFile Repository
2023-04-15 10:14:53,612 INFO [pool-7-thread-1] o.a.n.c.r.WriteAheadFlowFileRepository Successfully checkpointed FlowFile Repository with 0 records in 0 milliseconds
2023-04-15 10:15:03,782 INFO [Cleanup Archive for default] o.a.n.c.repository.FileSystemRepository Successfully deleted 0 files (0 bytes) from archive
2023-04-15 10:15:03,782 INFO [Cleanup Archive for default] o.a.n.c.repository.FileSystemRepository Archive cleanup completed for container default; will now allow writing to this container. Bytes used = 141.52 GB, bytes free = 84.84 GB, capacity = 226.36 GB
2023-04-15 10:15:13,613 INFO [pool-7-thread-1] o.a.n.c.r.WriteAheadFlowFileRepository Initiating checkpoint of FlowFile Repository
2023-04-15 10:15:13,614 INFO [pool-7-thread-1] o.a.n.c.r.WriteAheadFlowFileRepository Successfully checkpointed FlowFile Repository with 0 records in 0 milliseconds
2023-04-15 10:15:33,618 INFO [pool-7-thread-1] o.a.n.c.r.WriteAheadFlowFileRepository Initiating checkpoint of FlowFile Repository
2023-04-15 10:15:33,619 INFO [pool-7-thread-1] o.a.n.c.r.WriteAheadFlowFileRepository Successfully checkpointed FlowFile Repository with 0 records in 0 milliseconds
2023-04-15 10:15:53,621 INFO [pool-7-thread-1] o.a.n.c.r.WriteAheadFlowFileRepository Initiating checkpoint of FlowFile Repository
2023-04-15 10:15:53,622 INFO [pool-7-thread-1] o.a.n.c.r.WriteAheadFlowFileRepository Successfully checkpointed FlowFile Repository with 0 records in 0 milliseconds
2023-04-15 10:15:57,068 INFO [Write-Ahead Local State Provider Maintenance] org.wali.MinimalLockingWriteAheadLog org.wali.MinimalLockingWriteAheadLog@4181a180 checkpointed with 1 Records and 0 Swap Files in 81 milliseconds (Stop-the-world time = 42 milliseconds, Clear Edit Logs time = 23 millis), max Transaction ID 6
2023-04-15 10:16:03,876 INFO [Cleanup Archive for default] o.a.n.c.repository.FileSystemRepository Successfully deleted 0 files (0 bytes) from archive
2023-04-15 10:16:03,876 INFO [Cleanup Archive for default] o.a.n.c.repository.FileSystemRepository Archive cleanup completed for container default; will now allow writing to this container. Bytes used = 141.52 GB, bytes free = 84.84 GB, capacity = 226.36 GB
2023-04-15 10:16:13,624 INFO [pool-7-thread-1] o.a.n.c.r.WriteAheadFlowFileRepository Initiating checkpoint of FlowFile Repository
2023-04-15 10:16:13,626 INFO [pool-7-thread-1] o.a.n.c.r.WriteAheadFlowFileRepository Successfully checkpointed FlowFile Repository with 0 records in 0 milliseconds
2023-04-15 10:16:33,629 INFO [pool-7-thread-1] o.a.n.c.r.WriteAheadFlowFileRepository Initiating checkpoint of FlowFile Repository
2023-04-15 10:16:33,630 INFO [pool-7-thread-1] o.a.n.c.r.WriteAheadFlowFileRepository Successfully checkpointed FlowFile Repository with 0 records in 0 milliseconds
2023-04-15 10:16:53,632 INFO [pool-7-thread-1] o.a.n.c.r.WriteAheadFlowFileRepository Initiating checkpoint of FlowFile Repository
2023-04-15 10:16:53,633 INFO [pool-7-thread-1] o.a.n.c.r.WriteAheadFlowFileRepository Successfully checkpointed FlowFile Repository with 0 records in 0 milliseconds
2023-04-15 10:17:04,026 INFO [Cleanup Archive for default] o.a.n.c.repository.FileSystemRepository Successfully deleted 0 files (0 bytes) from archive
2023-04-15 10:17:04,026 INFO [Cleanup Archive for default] o.a.n.c.repository.FileSystemRepository Archive cleanup completed for container default; will now allow writing to this container. Bytes used = 141.52 GB, bytes free = 84.84 GB, capacity = 226.36 GB
2023-04-15 10:17:13,635 INFO [pool-7-thread-1] o.a.n.c.r.WriteAheadFlowFileRepository Initiating checkpoint of FlowFile Repository
2023-04-15 10:17:13,636 INFO [pool-7-thread-1] o.a.n.c.r.WriteAheadFlowFileRepository Successfully checkpointed FlowFile Repository with 0 records in 0 milliseconds
2023-04-15 10:17:33,637 INFO [pool-7-thread-1] o.a.n.c.r.WriteAheadFlowFileRepository Initiating checkpoint of FlowFile Repository
2023-04-15 10:17:33,639 INFO [pool-7-thread-1] o.a.n.c.r.WriteAheadFlowFileRepository Successfully checkpointed FlowFile Repository with 0 records in 0 milliseconds
2023-04-15 10:17:53,641 INFO [pool-7-thread-1] o.a.n.c.r.WriteAheadFlowFileRepository Initiating checkpoint of FlowFile Repository
2023-04-15 10:17:53,642 INFO [pool-7-thread-1] o.a.n.c.r.WriteAheadFlowFileRepository Successfully checkpointed FlowFile Repository with 0 records in 0 milliseconds
2023-04-15 10:17:57,148 INFO [Write-Ahead Local State Provider Maintenance] org.wali.MinimalLockingWriteAheadLog org.wali.MinimalLockingWriteAheadLog@4181a180 checkpointed with 1 Records and 0 Swap Files in 77 milliseconds (Stop-the-world time = 27 milliseconds, Clear Edit Logs time = 31 millis), max Transaction ID 6
2023-04-15 10:18:04,121 INFO [Cleanup Archive for default] o.a.n.c.repository.FileSystemRepository Successfully deleted 0 files (0 bytes) from archive
2023-04-15 10:18:04,121 INFO [Cleanup Archive for default] o.a.n.c.repository.FileSystemRepository Archive cleanup completed for container default; will now allow writing to this container. Bytes used = 141.52 GB, bytes free = 84.84 GB, capacity = 226.36 GB
2023-04-15 10:18:13,643 INFO [pool-7-thread-1] o.a.n.c.r.WriteAheadFlowFileRepository Initiating checkpoint of FlowFile Repository
2023-04-15 10:18:13,644 INFO [pool-7-thread-1] o.a.n.c.r.WriteAheadFlowFileRepository Successfully checkpointed FlowFile Repository with 0 records in 0 milliseconds
2023-04-15 10:18:33,649 INFO [pool-7-thread-1] o.a.n.c.r.WriteAheadFlowFileRepository Initiating checkpoint of FlowFile Repository
2023-04-15 10:18:33,650 INFO [pool-7-thread-1] o.a.n.c.r.WriteAheadFlowFileRepository Successfully checkpointed FlowFile Repository with 0 records in 0 milliseconds
2023-04-15 10:18:53,654 INFO [pool-7-thread-1] o.a.n.c.r.WriteAheadFlowFileRepository Initiating checkpoint of FlowFile Repository
2023-04-15 10:18:53,655 INFO [pool-7-thread-1] o.a.n.c.r.WriteAheadFlowFileRepository Successfully checkpointed FlowFile Repository with 0 records in 0 milliseconds
2023-04-15 10:19:04,402 INFO [Cleanup Archive for default] o.a.n.c.repository.FileSystemRepository Successfully deleted 0 files (0 bytes) from archive
2023-04-15 10:19:04,403 INFO [Cleanup Archive for default] o.a.n.c.repository.FileSystemRepository Archive cleanup completed for container default; will now allow writing to this container. Bytes used = 141.52 GB, bytes free = 84.84 GB, capacity = 226.36 GB
2023-04-15 10:19:13,657 INFO [pool-7-thread-1] o.a.n.c.r.WriteAheadFlowFileRepository Initiating checkpoint of FlowFile Repository
2023-04-15 10:19:13,658 INFO [pool-7-thread-1] o.a.n.c.r.WriteAheadFlowFileRepository Successfully checkpointed FlowFile Repository with 0 records in 0 milliseconds
2023-04-15 10:19:33,664 INFO [pool-7-thread-1] o.a.n.c.r.WriteAheadFlowFileRepository Initiating checkpoint of FlowFile Repository
2023-04-15 10:19:33,665 INFO [pool-7-thread-1] o.a.n.c.r.WriteAheadFlowFileRepository Successfully checkpointed FlowFile Repository with 0 records in 0 milliseconds
2023-04-15 10:19:53,667 INFO [pool-7-thread-1] o.a.n.c.r.WriteAheadFlowFileRepository Initiating checkpoint of FlowFile Repository
2023-04-15 10:19:53,668 INFO [pool-7-thread-1] o.a.n.c.r.WriteAheadFlowFileRepository Successfully checkpointed FlowFile Repository with 0 records in 0 milliseconds
2023-04-15 10:19:57,239 INFO [Write-Ahead Local State Provider Maintenance] org.wali.MinimalLockingWriteAheadLog org.wali.MinimalLockingWriteAheadLog@4181a180 checkpointed with 1 Records and 0 Swap Files in 87 milliseconds (Stop-the-world time = 55 milliseconds, Clear Edit Logs time = 20 millis), max Transaction ID 6
2023-04-15 10:20:04,515 INFO [Cleanup Archive for default] o.a.n.c.repository.FileSystemRepository Successfully deleted 0 files (0 bytes) from archive
2023-04-15 10:20:04,516 INFO [Cleanup Archive for default] o.a.n.c.repository.FileSystemRepository Archive cleanup completed for container default; will now allow writing to this container. Bytes used = 141.52 GB, bytes free = 84.84 GB, capacity = 226.36 GB
2023-04-15 10:20:13,672 INFO [pool-7-thread-1] o.a.n.c.r.WriteAheadFlowFileRepository Initiating checkpoint of FlowFile Repository
2023-04-15 10:20:13,674 INFO [pool-7-thread-1] o.a.n.c.r.WriteAheadFlowFileRepository Successfully checkpointed FlowFile Repository with 0 records in 0 milliseconds
2023-04-15 10:20:33,675 INFO [pool-7-thread-1] o.a.n.c.r.WriteAheadFlowFileRepository Initiating checkpoint of FlowFile Repository
2023-04-15 10:20:33,676 INFO [pool-7-thread-1] o.a.n.c.r.WriteAheadFlowFileRepository Successfully checkpointed FlowFile Repository with 0 records in 0 milliseconds
2023-04-15 10:20:53,679 INFO [pool-7-thread-1] o.a.n.c.r.WriteAheadFlowFileRepository Initiating checkpoint of FlowFile Repository
2023-04-15 10:20:53,680 INFO [pool-7-thread-1] o.a.n.c.r.WriteAheadFlowFileRepository Successfully checkpointed FlowFile Repository with 0 records in 0 milliseconds
2023-04-15 10:21:04,707 INFO [Cleanup Archive for default] o.a.n.c.repository.FileSystemRepository Successfully deleted 0 files (0 bytes) from archive
2023-04-15 10:21:04,708 INFO [Cleanup Archive for default] o.a.n.c.repository.FileSystemRepository Archive cleanup completed for container default; will now allow writing to this container. Bytes used = 141.52 GB, bytes free = 84.84 GB, capacity = 226.36 GB
2023-04-15 10:21:13,681 INFO [pool-7-thread-1] o.a.n.c.r.WriteAheadFlowFileRepository Initiating checkpoint of FlowFile Repository
2023-04-15 10:21:13,682 INFO [pool-7-thread-1] o.a.n.c.r.WriteAheadFlowFileRepository Successfully checkpointed FlowFile Repository with 0 records in 0 milliseconds
2023-04-15 10:21:33,685 INFO [pool-7-thread-1] o.a.n.c.r.WriteAheadFlowFileRepository Initiating checkpoint of FlowFile Repository
2023-04-15 10:21:33,686 INFO [pool-7-thread-1] o.a.n.c.r.WriteAheadFlowFileRepository Successfully checkpointed FlowFile Repository with 0 records in 0 milliseconds
2023-04-15 10:21:53,689 INFO [pool-7-thread-1] o.a.n.c.r.WriteAheadFlowFileRepository Initiating checkpoint of FlowFile Repository
2023-04-15 10:21:53,690 INFO [pool-7-thread-1] o.a.n.c.r.WriteAheadFlowFileRepository Successfully checkpointed FlowFile Repository with 0 records in 0 milliseconds
2023-04-15 10:21:57,327 INFO [Write-Ahead Local State Provider Maintenance] org.wali.MinimalLockingWriteAheadLog org.wali.MinimalLockingWriteAheadLog@4181a180 checkpointed with 1 Records and 0 Swap Files in 85 milliseconds (Stop-the-world time = 55 milliseconds, Clear Edit Logs time = 21 millis), max Transaction ID 6
2023-04-15 10:22:04,888 INFO [Cleanup Archive for default] o.a.n.c.repository.FileSystemRepository Successfully deleted 0 files (0 bytes) from archive
2023-04-15 10:22:04,888 INFO [Cleanup Archive for default] o.a.n.c.repository.FileSystemRepository Archive cleanup completed for container default; will now allow writing to this container. Bytes used = 141.51 GB, bytes free = 84.85 GB, capacity = 226.36 GB
2023-04-15 10:22:13,691 INFO [pool-7-thread-1] o.a.n.c.r.WriteAheadFlowFileRepository Initiating checkpoint of FlowFile Repository
2023-04-15 10:22:13,692 INFO [pool-7-thread-1] o.a.n.c.r.WriteAheadFlowFileRepository Successfully checkpointed FlowFile Repository with 0 records in 0 milliseconds
2023-04-15 10:22:33,695 INFO [pool-7-thread-1] o.a.n.c.r.WriteAheadFlowFileRepository Initiating checkpoint of FlowFile Repository
2023-04-15 10:22:33,696 INFO [pool-7-thread-1] o.a.n.c.r.WriteAheadFlowFileRepository Successfully checkpointed FlowFile Repository with 0 records in 0 milliseconds
2023-04-15 10:22:53,698 INFO [pool-7-thread-1] o.a.n.c.r.WriteAheadFlowFileRepository Initiating checkpoint of FlowFile Repository
2023-04-15 10:22:53,699 INFO [pool-7-thread-1] o.a.n.c.r.WriteAheadFlowFileRepository Successfully checkpointed FlowFile Repository with 0 records in 0 milliseconds
2023-04-15 10:23:05,091 INFO [Cleanup Archive for default] o.a.n.c.repository.FileSystemRepository Successfully deleted 0 files (0 bytes) from archive
2023-04-15 10:23:05,091 INFO [Cleanup Archive for default] o.a.n.c.repository.FileSystemRepository Archive cleanup completed for container default; will now allow writing to this container. Bytes used = 141.51 GB, bytes free = 84.85 GB, capacity = 226.36 GB
2023-04-15 10:23:13,701 INFO [pool-7-thread-1] o.a.n.c.r.WriteAheadFlowFileRepository Initiating checkpoint of FlowFile Repository
2023-04-15 10:23:13,702 INFO [pool-7-thread-1] o.a.n.c.r.WriteAheadFlowFileRepository Successfully checkpointed FlowFile Repository with 0 records in 0 milliseconds
2023-04-15 10:23:33,705 INFO [pool-7-thread-1] o.a.n.c.r.WriteAheadFlowFileRepository Initiating checkpoint of FlowFile Repository
2023-04-15 10:23:33,706 INFO [pool-7-thread-1] o.a.n.c.r.WriteAheadFlowFileRepository Successfully checkpointed FlowFile Repository with 0 records in 0 milliseconds
2023-04-15 10:23:53,709 INFO [pool-7-thread-1] o.a.n.c.r.WriteAheadFlowFileRepository Initiating checkpoint of FlowFile Repository
2023-04-15 10:23:53,710 INFO [pool-7-thread-1] o.a.n.c.r.WriteAheadFlowFileRepository Successfully checkpointed FlowFile Repository with 0 records in 0 milliseconds
2023-04-15 10:23:57,408 INFO [Write-Ahead Local State Provider Maintenance] org.wali.MinimalLockingWriteAheadLog org.wali.MinimalLockingWriteAheadLog@4181a180 checkpointed with 1 Records and 0 Swap Files in 76 milliseconds (Stop-the-world time = 34 milliseconds, Clear Edit Logs time = 29 millis), max Transaction ID 8
2023-04-15 10:24:05,302 INFO [Cleanup Archive for default] o.a.n.c.repository.FileSystemRepository Successfully deleted 0 files (0 bytes) from archive
2023-04-15 10:24:05,303 INFO [Cleanup Archive for default] o.a.n.c.repository.FileSystemRepository Archive cleanup completed for container default; will now allow writing to this container. Bytes used = 141.51 GB, bytes free = 84.85 GB, capacity = 226.36 GB
2023-04-15 10:24:13,713 INFO [pool-7-thread-1] o.a.n.c.r.WriteAheadFlowFileRepository Initiating checkpoint of FlowFile Repository
2023-04-15 10:24:13,714 INFO [pool-7-thread-1] o.a.n.c.r.WriteAheadFlowFileRepository Successfully checkpointed FlowFile Repository with 0 records in 0 milliseconds
2023-04-15 10:24:33,716 INFO [pool-7-thread-1] o.a.n.c.r.WriteAheadFlowFileRepository Initiating checkpoint of FlowFile Repository
2023-04-15 10:24:33,717 INFO [pool-7-thread-1] o.a.n.c.r.WriteAheadFlowFileRepository Successfully checkpointed FlowFile Repository with 0 records in 0 milliseconds
2023-04-15 10:24:53,719 INFO [pool-7-thread-1] o.a.n.c.r.WriteAheadFlowFileRepository Initiating checkpoint of FlowFile Repository
2023-04-15 10:24:53,720 INFO [pool-7-thread-1] o.a.n.c.r.WriteAheadFlowFileRepository Successfully checkpointed FlowFile Repository with 0 records in 0 milliseconds
2023-04-15 10:25:05,448 INFO [Cleanup Archive for default] o.a.n.c.repository.FileSystemRepository Successfully deleted 0 files (0 bytes) from archive
2023-04-15 10:25:05,448 INFO [Cleanup Archive for default] o.a.n.c.repository.FileSystemRepository Archive cleanup completed for container default; will now allow writing to this container. Bytes used = 141.51 GB, bytes free = 84.85 GB, capacity = 226.36 GB
2023-04-15 10:25:13,721 INFO [pool-7-thread-1] o.a.n.c.r.WriteAheadFlowFileRepository Initiating checkpoint of FlowFile Repository
2023-04-15 10:25:13,722 INFO [pool-7-thread-1] o.a.n.c.r.WriteAheadFlowFileRepository Successfully checkpointed FlowFile Repository with 0 records in 0 milliseconds
2023-04-15 10:25:33,725 INFO [pool-7-thread-1] o.a.n.c.r.WriteAheadFlowFileRepository Initiating checkpoint of FlowFile Repository
2023-04-15 10:25:33,726 INFO [pool-7-thread-1] o.a.n.c.r.WriteAheadFlowFileRepository Successfully checkpointed FlowFile Repository with 0 records in 0 milliseconds
2023-04-15 10:25:53,727 INFO [pool-7-thread-1] o.a.n.c.r.WriteAheadFlowFileRepository Initiating checkpoint of FlowFile Repository
2023-04-15 10:25:53,728 INFO [pool-7-thread-1] o.a.n.c.r.WriteAheadFlowFileRepository Successfully checkpointed FlowFile Repository with 0 records in 0 milliseconds
2023-04-15 10:25:57,515 INFO [Write-Ahead Local State Provider Maintenance] org.wali.MinimalLockingWriteAheadLog org.wali.MinimalLockingWriteAheadLog@4181a180 checkpointed with 1 Records and 0 Swap Files in 103 milliseconds (Stop-the-world time = 54 milliseconds, Clear Edit Logs time = 32 millis), max Transaction ID 8
2023-04-15 10:26:05,777 INFO [Cleanup Archive for default] o.a.n.c.repository.FileSystemRepository Successfully deleted 0 files (0 bytes) from archive
2023-04-15 10:26:05,778 INFO [Cleanup Archive for default] o.a.n.c.repository.FileSystemRepository Archive cleanup completed for container default; will now allow writing to this container. Bytes used = 141.51 GB, bytes free = 84.85 GB, capacity = 226.36 GB
2023-04-15 10:26:13,729 INFO [pool-7-thread-1] o.a.n.c.r.WriteAheadFlowFileRepository Initiating checkpoint of FlowFile Repository
2023-04-15 10:26:13,730 INFO [pool-7-thread-1] o.a.n.c.r.WriteAheadFlowFileRepository Successfully checkpointed FlowFile Repository with 0 records in 0 milliseconds
2023-04-15 10:26:33,733 INFO [pool-7-thread-1] o.a.n.c.r.WriteAheadFlowFileRepository Initiating checkpoint of FlowFile Repository
2023-04-15 10:26:33,734 INFO [pool-7-thread-1] o.a.n.c.r.WriteAheadFlowFileRepository Successfully checkpointed FlowFile Repository with 0 records in 0 milliseconds
2023-04-15 10:26:53,737 INFO [pool-7-thread-1] o.a.n.c.r.WriteAheadFlowFileRepository Initiating checkpoint of FlowFile Repository
2023-04-15 10:26:53,738 INFO [pool-7-thread-1] o.a.n.c.r.WriteAheadFlowFileRepository Successfully checkpointed FlowFile Repository with 0 records in 0 milliseconds
2023-04-15 10:27:06,065 INFO [Cleanup Archive for default] o.a.n.c.repository.FileSystemRepository Successfully deleted 0 files (0 bytes) from archive
2023-04-15 10:27:06,066 INFO [Cleanup Archive for default] o.a.n.c.repository.FileSystemRepository Archive cleanup completed for container default; will now allow writing to this container. Bytes used = 141.51 GB, bytes free = 84.85 GB, capacity = 226.36 GB
2023-04-15 10:27:13,741 INFO [pool-7-thread-1] o.a.n.c.r.WriteAheadFlowFileRepository Initiating checkpoint of FlowFile Repository
2023-04-15 10:27:13,742 INFO [pool-7-thread-1] o.a.n.c.r.WriteAheadFlowFileRepository Successfully checkpointed FlowFile Repository with 0 records in 0 milliseconds
2023-04-15 10:27:33,744 INFO [pool-7-thread-1] o.a.n.c.r.WriteAheadFlowFileRepository Initiating checkpoint of FlowFile Repository
2023-04-15 10:27:33,745 INFO [pool-7-thread-1] o.a.n.c.r.WriteAheadFlowFileRepository Successfully checkpointed FlowFile Repository with 0 records in 0 milliseconds
2023-04-15 10:27:53,747 INFO [pool-7-thread-1] o.a.n.c.r.WriteAheadFlowFileRepository Initiating checkpoint of FlowFile Repository
2023-04-15 10:27:53,747 INFO [pool-7-thread-1] o.a.n.c.r.WriteAheadFlowFileRepository Successfully checkpointed FlowFile Repository with 0 records in 0 milliseconds
2023-04-15 10:27:57,627 INFO [Write-Ahead Local State Provider Maintenance] org.wali.MinimalLockingWriteAheadLog org.wali.MinimalLockingWriteAheadLog@4181a180 checkpointed with 1 Records and 0 Swap Files in 106 milliseconds (Stop-the-world time = 60 milliseconds, Clear Edit Logs time = 32 millis), max Transaction ID 8
2023-04-15 10:28:06,299 INFO [Cleanup Archive for default] o.a.n.c.repository.FileSystemRepository Successfully deleted 0 files (0 bytes) from archive
2023-04-15 10:28:06,299 INFO [Cleanup Archive for default] o.a.n.c.repository.FileSystemRepository Archive cleanup completed for container default; will now allow writing to this container. Bytes used = 141.52 GB, bytes free = 84.84 GB, capacity = 226.36 GB
2023-04-15 10:28:13,748 INFO [pool-7-thread-1] o.a.n.c.r.WriteAheadFlowFileRepository Initiating checkpoint of FlowFile Repository
2023-04-15 10:28:13,749 INFO [pool-7-thread-1] o.a.n.c.r.WriteAheadFlowFileRepository Successfully checkpointed FlowFile Repository with 0 records in 0 milliseconds
2023-04-15 10:28:33,751 INFO [pool-7-thread-1] o.a.n.c.r.WriteAheadFlowFileRepository Initiating checkpoint of FlowFile Repository
2023-04-15 10:28:33,752 INFO [pool-7-thread-1] o.a.n.c.r.WriteAheadFlowFileRepository Successfully checkpointed FlowFile Repository with 0 records in 0 milliseconds
2023-04-15 10:28:53,755 INFO [pool-7-thread-1] o.a.n.c.r.WriteAheadFlowFileRepository Initiating checkpoint of FlowFile Repository
2023-04-15 10:28:53,756 INFO [pool-7-thread-1] o.a.n.c.r.WriteAheadFlowFileRepository Successfully checkpointed FlowFile Repository with 0 records in 0 milliseconds
2023-04-15 10:29:06,488 INFO [Cleanup Archive for default] o.a.n.c.repository.FileSystemRepository Successfully deleted 0 files (0 bytes) from archive
2023-04-15 10:29:06,489 INFO [Cleanup Archive for default] o.a.n.c.repository.FileSystemRepository Archive cleanup completed for container default; will now allow writing to this container. Bytes used = 141.52 GB, bytes free = 84.84 GB, capacity = 226.36 GB
2023-04-15 10:29:13,757 INFO [pool-7-thread-1] o.a.n.c.r.WriteAheadFlowFileRepository Initiating checkpoint of FlowFile Repository
2023-04-15 10:29:13,758 INFO [pool-7-thread-1] o.a.n.c.r.WriteAheadFlowFileRepository Successfully checkpointed FlowFile Repository with 0 records in 0 milliseconds
2023-04-15 10:29:33,761 INFO [pool-7-thread-1] o.a.n.c.r.WriteAheadFlowFileRepository Initiating checkpoint of FlowFile Repository
2023-04-15 10:29:33,762 INFO [pool-7-thread-1] o.a.n.c.r.WriteAheadFlowFileRepository Successfully checkpointed FlowFile Repository with 0 records in 0 milliseconds
2023-04-15 10:29:53,764 INFO [pool-7-thread-1] o.a.n.c.r.WriteAheadFlowFileRepository Initiating checkpoint of FlowFile Repository
2023-04-15 10:29:53,766 INFO [pool-7-thread-1] o.a.n.c.r.WriteAheadFlowFileRepository Successfully checkpointed FlowFile Repository with 0 records in 0 milliseconds
2023-04-15 10:29:57,740 INFO [Write-Ahead Local State Provider Maintenance] org.wali.MinimalLockingWriteAheadLog org.wali.MinimalLockingWriteAheadLog@4181a180 checkpointed with 1 Records and 0 Swap Files in 108 milliseconds (Stop-the-world time = 66 milliseconds, Clear Edit Logs time = 31 millis), max Transaction ID 8
2023-04-15 10:30:06,647 INFO [Cleanup Archive for default] o.a.n.c.repository.FileSystemRepository Successfully deleted 0 files (0 bytes) from archive
2023-04-15 10:30:06,647 INFO [Cleanup Archive for default] o.a.n.c.repository.FileSystemRepository Archive cleanup completed for container default; will now allow writing to this container. Bytes used = 141.52 GB, bytes free = 84.84 GB, capacity = 226.36 GB
2023-04-15 10:30:13,767 INFO [pool-7-thread-1] o.a.n.c.r.WriteAheadFlowFileRepository Initiating checkpoint of FlowFile Repository
2023-04-15 10:30:13,768 INFO [pool-7-thread-1] o.a.n.c.r.WriteAheadFlowFileRepository Successfully checkpointed FlowFile Repository with 0 records in 0 milliseconds
2023-04-15 10:30:33,772 INFO [pool-7-thread-1] o.a.n.c.r.WriteAheadFlowFileRepository Initiating checkpoint of FlowFile Repository
2023-04-15 10:30:33,773 INFO [pool-7-thread-1] o.a.n.c.r.WriteAheadFlowFileRepository Successfully checkpointed FlowFile Repository with 0 records in 0 milliseconds
2023-04-15 10:30:53,777 INFO [pool-7-thread-1] o.a.n.c.r.WriteAheadFlowFileRepository Initiating checkpoint of FlowFile Repository
2023-04-15 10:30:53,778 INFO [pool-7-thread-1] o.a.n.c.r.WriteAheadFlowFileRepository Successfully checkpointed FlowFile Repository with 0 records in 0 milliseconds
2023-04-15 10:31:06,808 INFO [Cleanup Archive for default] o.a.n.c.repository.FileSystemRepository Successfully deleted 0 files (0 bytes) from archive
2023-04-15 10:31:06,808 INFO [Cleanup Archive for default] o.a.n.c.repository.FileSystemRepository Archive cleanup completed for container default; will now allow writing to this container. Bytes used = 141.52 GB, bytes free = 84.84 GB, capacity = 226.36 GB
2023-04-15 10:31:13,780 INFO [pool-7-thread-1] o.a.n.c.r.WriteAheadFlowFileRepository Initiating checkpoint of FlowFile Repository
2023-04-15 10:31:13,781 INFO [pool-7-thread-1] o.a.n.c.r.WriteAheadFlowFileRepository Successfully checkpointed FlowFile Repository with 0 records in 0 milliseconds
2023-04-15 10:31:33,786 INFO [pool-7-thread-1] o.a.n.c.r.WriteAheadFlowFileRepository Initiating checkpoint of FlowFile Repository
2023-04-15 10:31:33,786 INFO [pool-7-thread-1] o.a.n.c.r.WriteAheadFlowFileRepository Successfully checkpointed FlowFile Repository with 0 records in 0 milliseconds
2023-04-15 10:31:53,789 INFO [pool-7-thread-1] o.a.n.c.r.WriteAheadFlowFileRepository Initiating checkpoint of FlowFile Repository
2023-04-15 10:31:53,790 INFO [pool-7-thread-1] o.a.n.c.r.WriteAheadFlowFileRepository Successfully checkpointed FlowFile Repository with 0 records in 0 milliseconds
2023-04-15 10:31:57,842 INFO [Write-Ahead Local State Provider Maintenance] org.wali.MinimalLockingWriteAheadLog org.wali.MinimalLockingWriteAheadLog@4181a180 checkpointed with 1 Records and 0 Swap Files in 96 milliseconds (Stop-the-world time = 51 milliseconds, Clear Edit Logs time = 29 millis), max Transaction ID 8
2023-04-15 10:32:06,948 INFO [Cleanup Archive for default] o.a.n.c.repository.FileSystemRepository Successfully deleted 0 files (0 bytes) from archive
2023-04-15 10:32:06,948 INFO [Cleanup Archive for default] o.a.n.c.repository.FileSystemRepository Archive cleanup completed for container default; will now allow writing to this container. Bytes used = 141.52 GB, bytes free = 84.84 GB, capacity = 226.36 GB
2023-04-15 10:32:13,792 INFO [pool-7-thread-1] o.a.n.c.r.WriteAheadFlowFileRepository Initiating checkpoint of FlowFile Repository
2023-04-15 10:32:13,793 INFO [pool-7-thread-1] o.a.n.c.r.WriteAheadFlowFileRepository Successfully checkpointed FlowFile Repository with 0 records in 0 milliseconds
2023-04-15 10:32:33,796 INFO [pool-7-thread-1] o.a.n.c.r.WriteAheadFlowFileRepository Initiating checkpoint of FlowFile Repository
2023-04-15 10:32:33,797 INFO [pool-7-thread-1] o.a.n.c.r.WriteAheadFlowFileRepository Successfully checkpointed FlowFile Repository with 0 records in 0 milliseconds
2023-04-15 10:32:53,800 INFO [pool-7-thread-1] o.a.n.c.r.WriteAheadFlowFileRepository Initiating checkpoint of FlowFile Repository
2023-04-15 10:32:53,801 INFO [pool-7-thread-1] o.a.n.c.r.WriteAheadFlowFileRepository Successfully checkpointed FlowFile Repository with 0 records in 0 milliseconds
2023-04-15 10:33:07,447 INFO [Cleanup Archive for default] o.a.n.c.repository.FileSystemRepository Successfully deleted 0 files (0 bytes) from archive
2023-04-15 10:33:07,448 INFO [Cleanup Archive for default] o.a.n.c.repository.FileSystemRepository Archive cleanup completed for container default; will now allow writing to this container. Bytes used = 141.52 GB, bytes free = 84.84 GB, capacity = 226.36 GB
2023-04-15 10:33:13,802 INFO [pool-7-thread-1] o.a.n.c.r.WriteAheadFlowFileRepository Initiating checkpoint of FlowFile Repository
2023-04-15 10:33:13,804 INFO [pool-7-thread-1] o.a.n.c.r.WriteAheadFlowFileRepository Successfully checkpointed FlowFile Repository with 0 records in 0 milliseconds
2023-04-15 10:33:33,806 INFO [pool-7-thread-1] o.a.n.c.r.WriteAheadFlowFileRepository Initiating checkpoint of FlowFile Repository
2023-04-15 10:33:33,806 INFO [pool-7-thread-1] o.a.n.c.r.WriteAheadFlowFileRepository Successfully checkpointed FlowFile Repository with 0 records in 0 milliseconds
2023-04-15 10:33:53,808 INFO [pool-7-thread-1] o.a.n.c.r.WriteAheadFlowFileRepository Initiating checkpoint of FlowFile Repository
2023-04-15 10:33:53,809 INFO [pool-7-thread-1] o.a.n.c.r.WriteAheadFlowFileRepository Successfully checkpointed FlowFile Repository with 0 records in 0 milliseconds
2023-04-15 10:33:57,943 INFO [Write-Ahead Local State Provider Maintenance] org.wali.MinimalLockingWriteAheadLog org.wali.MinimalLockingWriteAheadLog@4181a180 checkpointed with 1 Records and 0 Swap Files in 96 milliseconds (Stop-the-world time = 61 milliseconds, Clear Edit Logs time = 20 millis), max Transaction ID 8
2023-04-15 10:34:07,589 INFO [Cleanup Archive for default] o.a.n.c.repository.FileSystemRepository Successfully deleted 0 files (0 bytes) from archive
2023-04-15 10:34:07,590 INFO [Cleanup Archive for default] o.a.n.c.repository.FileSystemRepository Archive cleanup completed for container default; will now allow writing to this container. Bytes used = 141.52 GB, bytes free = 84.84 GB, capacity = 226.36 GB
2023-04-15 10:34:13,811 INFO [pool-7-thread-1] o.a.n.c.r.WriteAheadFlowFileRepository Initiating checkpoint of FlowFile Repository
2023-04-15 10:34:13,812 INFO [pool-7-thread-1] o.a.n.c.r.WriteAheadFlowFileRepository Successfully checkpointed FlowFile Repository with 0 records in 0 milliseconds
2023-04-15 10:34:33,815 INFO [pool-7-thread-1] o.a.n.c.r.WriteAheadFlowFileRepository Initiating checkpoint of FlowFile Repository
2023-04-15 10:34:33,816 INFO [pool-7-thread-1] o.a.n.c.r.WriteAheadFlowFileRepository Successfully checkpointed FlowFile Repository with 0 records in 0 milliseconds
2023-04-15 10:34:53,819 INFO [pool-7-thread-1] o.a.n.c.r.WriteAheadFlowFileRepository Initiating checkpoint of FlowFile Repository
2023-04-15 10:34:53,820 INFO [pool-7-thread-1] o.a.n.c.r.WriteAheadFlowFileRepository Successfully checkpointed FlowFile Repository with 0 records in 0 milliseconds
2023-04-15 10:35:08,049 INFO [Cleanup Archive for default] o.a.n.c.repository.FileSystemRepository Successfully deleted 0 files (0 bytes) from archive
2023-04-15 10:35:08,049 INFO [Cleanup Archive for default] o.a.n.c.repository.FileSystemRepository Archive cleanup completed for container default; will now allow writing to this container. Bytes used = 141.52 GB, bytes free = 84.84 GB, capacity = 226.36 GB
2023-04-15 10:35:13,822 INFO [pool-7-thread-1] o.a.n.c.r.WriteAheadFlowFileRepository Initiating checkpoint of FlowFile Repository
2023-04-15 10:35:13,823 INFO [pool-7-thread-1] o.a.n.c.r.WriteAheadFlowFileRepository Successfully checkpointed FlowFile Repository with 0 records in 0 milliseconds
2023-04-15 10:35:33,827 INFO [pool-7-thread-1] o.a.n.c.r.WriteAheadFlowFileRepository Initiating checkpoint of FlowFile Repository
2023-04-15 10:35:33,831 INFO [pool-7-thread-1] o.a.n.c.r.WriteAheadFlowFileRepository Successfully checkpointed FlowFile Repository with 0 records in 0 milliseconds
2023-04-15 10:35:53,833 INFO [pool-7-thread-1] o.a.n.c.r.WriteAheadFlowFileRepository Initiating checkpoint of FlowFile Repository
2023-04-15 10:35:53,834 INFO [pool-7-thread-1] o.a.n.c.r.WriteAheadFlowFileRepository Successfully checkpointed FlowFile Repository with 0 records in 0 milliseconds
2023-04-15 10:35:58,045 INFO [Write-Ahead Local State Provider Maintenance] org.wali.MinimalLockingWriteAheadLog org.wali.MinimalLockingWriteAheadLog@4181a180 checkpointed with 1 Records and 0 Swap Files in 97 milliseconds (Stop-the-world time = 63 milliseconds, Clear Edit Logs time = 22 millis), max Transaction ID 8
2023-04-15 10:36:08,249 INFO [Cleanup Archive for default] o.a.n.c.repository.FileSystemRepository Successfully deleted 0 files (0 bytes) from archive
2023-04-15 10:36:08,249 INFO [Cleanup Archive for default] o.a.n.c.repository.FileSystemRepository Archive cleanup completed for container default; will now allow writing to this container. Bytes used = 141.52 GB, bytes free = 84.84 GB, capacity = 226.36 GB
2023-04-15 10:36:13,837 INFO [pool-7-thread-1] o.a.n.c.r.WriteAheadFlowFileRepository Initiating checkpoint of FlowFile Repository
2023-04-15 10:36:13,838 INFO [pool-7-thread-1] o.a.n.c.r.WriteAheadFlowFileRepository Successfully checkpointed FlowFile Repository with 0 records in 0 milliseconds
2023-04-15 10:36:33,841 INFO [pool-7-thread-1] o.a.n.c.r.WriteAheadFlowFileRepository Initiating checkpoint of FlowFile Repository
2023-04-15 10:36:33,844 INFO [pool-7-thread-1] o.a.n.c.r.WriteAheadFlowFileRepository Successfully checkpointed FlowFile Repository with 0 records in 0 milliseconds
2023-04-15 10:36:53,846 INFO [pool-7-thread-1] o.a.n.c.r.WriteAheadFlowFileRepository Initiating checkpoint of FlowFile Repository
2023-04-15 10:36:53,847 INFO [pool-7-thread-1] o.a.n.c.r.WriteAheadFlowFileRepository Successfully checkpointed FlowFile Repository with 0 records in 0 milliseconds
2023-04-15 10:37:08,431 INFO [Cleanup Archive for default] o.a.n.c.repository.FileSystemRepository Successfully deleted 0 files (0 bytes) from archive
2023-04-15 10:37:08,432 INFO [Cleanup Archive for default] o.a.n.c.repository.FileSystemRepository Archive cleanup completed for container default; will now allow writing to this container. Bytes used = 141.52 GB, bytes free = 84.84 GB, capacity = 226.36 GB
2023-04-15 10:37:13,848 INFO [pool-7-thread-1] o.a.n.c.r.WriteAheadFlowFileRepository Initiating checkpoint of FlowFile Repository
2023-04-15 10:37:13,849 INFO [pool-7-thread-1] o.a.n.c.r.WriteAheadFlowFileRepository Successfully checkpointed FlowFile Repository with 0 records in 0 milliseconds
2023-04-15 10:37:33,851 INFO [pool-7-thread-1] o.a.n.c.r.WriteAheadFlowFileRepository Initiating checkpoint of FlowFile Repository
2023-04-15 10:37:33,852 INFO [pool-7-thread-1] o.a.n.c.r.WriteAheadFlowFileRepository Successfully checkpointed FlowFile Repository with 0 records in 0 milliseconds
2023-04-15 10:37:53,854 INFO [pool-7-thread-1] o.a.n.c.r.WriteAheadFlowFileRepository Initiating checkpoint of FlowFile Repository
2023-04-15 10:37:53,855 INFO [pool-7-thread-1] o.a.n.c.r.WriteAheadFlowFileRepository Successfully checkpointed FlowFile Repository with 0 records in 0 milliseconds
2023-04-15 10:37:58,188 INFO [Write-Ahead Local State Provider Maintenance] org.wali.MinimalLockingWriteAheadLog org.wali.MinimalLockingWriteAheadLog@4181a180 checkpointed with 1 Records and 0 Swap Files in 138 milliseconds (Stop-the-world time = 94 milliseconds, Clear Edit Logs time = 30 millis), max Transaction ID 8
2023-04-15 10:38:08,603 INFO [Cleanup Archive for default] o.a.n.c.repository.FileSystemRepository Successfully deleted 0 files (0 bytes) from archive
2023-04-15 10:38:08,604 INFO [Cleanup Archive for default] o.a.n.c.repository.FileSystemRepository Archive cleanup completed for container default; will now allow writing to this container. Bytes used = 141.52 GB, bytes free = 84.84 GB, capacity = 226.36 GB
2023-04-15 10:38:13,856 INFO [pool-7-thread-1] o.a.n.c.r.WriteAheadFlowFileRepository Initiating checkpoint of FlowFile Repository
2023-04-15 10:38:13,857 INFO [pool-7-thread-1] o.a.n.c.r.WriteAheadFlowFileRepository Successfully checkpointed FlowFile Repository with 0 records in 0 milliseconds
2023-04-15 10:38:33,860 INFO [pool-7-thread-1] o.a.n.c.r.WriteAheadFlowFileRepository Initiating checkpoint of FlowFile Repository
2023-04-15 10:38:33,861 INFO [pool-7-thread-1] o.a.n.c.r.WriteAheadFlowFileRepository Successfully checkpointed FlowFile Repository with 0 records in 0 milliseconds
2023-04-15 10:38:53,864 INFO [pool-7-thread-1] o.a.n.c.r.WriteAheadFlowFileRepository Initiating checkpoint of FlowFile Repository
2023-04-15 10:38:53,865 INFO [pool-7-thread-1] o.a.n.c.r.WriteAheadFlowFileRepository Successfully checkpointed FlowFile Repository with 0 records in 0 milliseconds
2023-04-15 10:39:08,788 INFO [Cleanup Archive for default] o.a.n.c.repository.FileSystemRepository Successfully deleted 0 files (0 bytes) from archive
2023-04-15 10:39:08,788 INFO [Cleanup Archive for default] o.a.n.c.repository.FileSystemRepository Archive cleanup completed for container default; will now allow writing to this container. Bytes used = 141.52 GB, bytes free = 84.84 GB, capacity = 226.36 GB
2023-04-15 10:39:13,866 INFO [pool-7-thread-1] o.a.n.c.r.WriteAheadFlowFileRepository Initiating checkpoint of FlowFile Repository
2023-04-15 10:39:13,867 INFO [pool-7-thread-1] o.a.n.c.r.WriteAheadFlowFileRepository Successfully checkpointed FlowFile Repository with 0 records in 0 milliseconds
2023-04-15 10:39:33,872 INFO [pool-7-thread-1] o.a.n.c.r.WriteAheadFlowFileRepository Initiating checkpoint of FlowFile Repository
2023-04-15 10:39:33,873 INFO [pool-7-thread-1] o.a.n.c.r.WriteAheadFlowFileRepository Successfully checkpointed FlowFile Repository with 0 records in 0 milliseconds
2023-04-15 10:39:53,877 INFO [pool-7-thread-1] o.a.n.c.r.WriteAheadFlowFileRepository Initiating checkpoint of FlowFile Repository
2023-04-15 10:39:53,878 INFO [pool-7-thread-1] o.a.n.c.r.WriteAheadFlowFileRepository Successfully checkpointed FlowFile Repository with 0 records in 0 milliseconds
2023-04-15 10:39:58,283 INFO [Write-Ahead Local State Provider Maintenance] org.wali.MinimalLockingWriteAheadLog org.wali.MinimalLockingWriteAheadLog@4181a180 checkpointed with 1 Records and 0 Swap Files in 89 milliseconds (Stop-the-world time = 54 milliseconds, Clear Edit Logs time = 23 millis), max Transaction ID 8
2023-04-15 10:40:08,898 INFO [Cleanup Archive for default] o.a.n.c.repository.FileSystemRepository Successfully deleted 0 files (0 bytes) from archive
2023-04-15 10:40:08,898 INFO [Cleanup Archive for default] o.a.n.c.repository.FileSystemRepository Archive cleanup completed for container default; will now allow writing to this container. Bytes used = 141.52 GB, bytes free = 84.84 GB, capacity = 226.36 GB
2023-04-15 10:40:13,882 INFO [pool-7-thread-1] o.a.n.c.r.WriteAheadFlowFileRepository Initiating checkpoint of FlowFile Repository
2023-04-15 10:40:13,883 INFO [pool-7-thread-1] o.a.n.c.r.WriteAheadFlowFileRepository Successfully checkpointed FlowFile Repository with 0 records in 0 milliseconds
2023-04-15 10:40:33,885 INFO [pool-7-thread-1] o.a.n.c.r.WriteAheadFlowFileRepository Initiating checkpoint of FlowFile Repository
2023-04-15 10:40:33,886 INFO [pool-7-thread-1] o.a.n.c.r.WriteAheadFlowFileRepository Successfully checkpointed FlowFile Repository with 0 records in 0 milliseconds
2023-04-15 10:40:53,888 INFO [pool-7-thread-1] o.a.n.c.r.WriteAheadFlowFileRepository Initiating checkpoint of FlowFile Repository
2023-04-15 10:40:53,890 INFO [pool-7-thread-1] o.a.n.c.r.WriteAheadFlowFileRepository Successfully checkpointed FlowFile Repository with 0 records in 0 milliseconds
2023-04-15 10:41:09,173 INFO [Cleanup Archive for default] o.a.n.c.repository.FileSystemRepository Successfully deleted 0 files (0 bytes) from archive
2023-04-15 10:41:09,174 INFO [Cleanup Archive for default] o.a.n.c.repository.FileSystemRepository Archive cleanup completed for container default; will now allow writing to this container. Bytes used = 141.52 GB, bytes free = 84.84 GB, capacity = 226.36 GB
2023-04-15 10:41:13,891 INFO [pool-7-thread-1] o.a.n.c.r.WriteAheadFlowFileRepository Initiating checkpoint of FlowFile Repository
2023-04-15 10:41:13,893 INFO [pool-7-thread-1] o.a.n.c.r.WriteAheadFlowFileRepository Successfully checkpointed FlowFile Repository with 0 records in 0 milliseconds
2023-04-15 10:41:33,896 INFO [pool-7-thread-1] o.a.n.c.r.WriteAheadFlowFileRepository Initiating checkpoint of FlowFile Repository
2023-04-15 10:41:33,897 INFO [pool-7-thread-1] o.a.n.c.r.WriteAheadFlowFileRepository Successfully checkpointed FlowFile Repository with 0 records in 0 milliseconds
2023-04-15 10:41:53,900 INFO [pool-7-thread-1] o.a.n.c.r.WriteAheadFlowFileRepository Initiating checkpoint of FlowFile Repository
2023-04-15 10:41:53,901 INFO [pool-7-thread-1] o.a.n.c.r.WriteAheadFlowFileRepository Successfully checkpointed FlowFile Repository with 0 records in 0 milliseconds
2023-04-15 10:41:58,378 INFO [Write-Ahead Local State Provider Maintenance] org.wali.MinimalLockingWriteAheadLog org.wali.MinimalLockingWriteAheadLog@4181a180 checkpointed with 1 Records and 0 Swap Files in 90 milliseconds (Stop-the-world time = 53 milliseconds, Clear Edit Logs time = 23 millis), max Transaction ID 8
2023-04-15 10:42:09,328 INFO [Cleanup Archive for default] o.a.n.c.repository.FileSystemRepository Successfully deleted 0 files (0 bytes) from archive
2023-04-15 10:42:09,328 INFO [Cleanup Archive for default] o.a.n.c.repository.FileSystemRepository Archive cleanup completed for container default; will now allow writing to this container. Bytes used = 141.52 GB, bytes free = 84.84 GB, capacity = 226.36 GB
2023-04-15 10:42:13,904 INFO [pool-7-thread-1] o.a.n.c.r.WriteAheadFlowFileRepository Initiating checkpoint of FlowFile Repository
2023-04-15 10:42:13,905 INFO [pool-7-thread-1] o.a.n.c.r.WriteAheadFlowFileRepository Successfully checkpointed FlowFile Repository with 0 records in 0 milliseconds
2023-04-15 10:42:33,908 INFO [pool-7-thread-1] o.a.n.c.r.WriteAheadFlowFileRepository Initiating checkpoint of FlowFile Repository
2023-04-15 10:42:33,909 INFO [pool-7-thread-1] o.a.n.c.r.WriteAheadFlowFileRepository Successfully checkpointed FlowFile Repository with 0 records in 0 milliseconds
2023-04-15 10:42:53,913 INFO [pool-7-thread-1] o.a.n.c.r.WriteAheadFlowFileRepository Initiating checkpoint of FlowFile Repository
2023-04-15 10:42:53,914 INFO [pool-7-thread-1] o.a.n.c.r.WriteAheadFlowFileRepository Successfully checkpointed FlowFile Repository with 0 records in 0 milliseconds
2023-04-15 10:43:09,514 INFO [Cleanup Archive for default] o.a.n.c.repository.FileSystemRepository Successfully deleted 0 files (0 bytes) from archive
2023-04-15 10:43:09,515 INFO [Cleanup Archive for default] o.a.n.c.repository.FileSystemRepository Archive cleanup completed for container default; will now allow writing to this container. Bytes used = 141.52 GB, bytes free = 84.84 GB, capacity = 226.36 GB
2023-04-15 10:43:13,916 INFO [pool-7-thread-1] o.a.n.c.r.WriteAheadFlowFileRepository Initiating checkpoint of FlowFile Repository
2023-04-15 10:43:13,917 INFO [pool-7-thread-1] o.a.n.c.r.WriteAheadFlowFileRepository Successfully checkpointed FlowFile Repository with 0 records in 0 milliseconds
2023-04-15 10:43:33,919 INFO [pool-7-thread-1] o.a.n.c.r.WriteAheadFlowFileRepository Initiating checkpoint of FlowFile Repository
2023-04-15 10:43:33,920 INFO [pool-7-thread-1] o.a.n.c.r.WriteAheadFlowFileRepository Successfully checkpointed FlowFile Repository with 0 records in 0 milliseconds
2023-04-15 10:43:53,923 INFO [pool-7-thread-1] o.a.n.c.r.WriteAheadFlowFileRepository Initiating checkpoint of FlowFile Repository
2023-04-15 10:43:53,924 INFO [pool-7-thread-1] o.a.n.c.r.WriteAheadFlowFileRepository Successfully checkpointed FlowFile Repository with 0 records in 0 milliseconds
2023-04-15 10:43:58,490 INFO [Write-Ahead Local State Provider Maintenance] org.wali.MinimalLockingWriteAheadLog org.wali.MinimalLockingWriteAheadLog@4181a180 checkpointed with 1 Records and 0 Swap Files in 106 milliseconds (Stop-the-world time = 69 milliseconds, Clear Edit Logs time = 24 millis), max Transaction ID 8
2023-04-15 10:44:09,768 INFO [Cleanup Archive for default] o.a.n.c.repository.FileSystemRepository Successfully deleted 0 files (0 bytes) from archive
2023-04-15 10:44:09,768 INFO [Cleanup Archive for default] o.a.n.c.repository.FileSystemRepository Archive cleanup completed for container default; will now allow writing to this container. Bytes used = 141.52 GB, bytes free = 84.84 GB, capacity = 226.36 GB
2023-04-15 10:44:13,926 INFO [pool-7-thread-1] o.a.n.c.r.WriteAheadFlowFileRepository Initiating checkpoint of FlowFile Repository
2023-04-15 10:44:13,927 INFO [pool-7-thread-1] o.a.n.c.r.WriteAheadFlowFileRepository Successfully checkpointed FlowFile Repository with 0 records in 0 milliseconds
2023-04-15 10:44:33,928 INFO [pool-7-thread-1] o.a.n.c.r.WriteAheadFlowFileRepository Initiating checkpoint of FlowFile Repository
2023-04-15 10:44:33,929 INFO [pool-7-thread-1] o.a.n.c.r.WriteAheadFlowFileRepository Successfully checkpointed FlowFile Repository with 0 records in 0 milliseconds
2023-04-15 10:44:53,927 INFO [pool-7-thread-1] o.a.n.c.r.WriteAheadFlowFileRepository Initiating checkpoint of FlowFile Repository
2023-04-15 10:44:53,929 INFO [pool-7-thread-1] o.a.n.c.r.WriteAheadFlowFileRepository Successfully checkpointed FlowFile Repository with 0 records in 0 milliseconds
2023-04-15 10:45:09,939 INFO [Cleanup Archive for default] o.a.n.c.repository.FileSystemRepository Successfully deleted 0 files (0 bytes) from archive
2023-04-15 10:45:09,940 INFO [Cleanup Archive for default] o.a.n.c.repository.FileSystemRepository Archive cleanup completed for container default; will now allow writing to this container. Bytes used = 141.52 GB, bytes free = 84.84 GB, capacity = 226.36 GB
2023-04-15 10:45:13,931 INFO [pool-7-thread-1] o.a.n.c.r.WriteAheadFlowFileRepository Initiating checkpoint of FlowFile Repository
2023-04-15 10:45:13,932 INFO [pool-7-thread-1] o.a.n.c.r.WriteAheadFlowFileRepository Successfully checkpointed FlowFile Repository with 0 records in 0 milliseconds
2023-04-15 10:45:33,931 INFO [pool-7-thread-1] o.a.n.c.r.WriteAheadFlowFileRepository Initiating checkpoint of FlowFile Repository
2023-04-15 10:45:33,932 INFO [pool-7-thread-1] o.a.n.c.r.WriteAheadFlowFileRepository Successfully checkpointed FlowFile Repository with 0 records in 0 milliseconds
2023-04-15 10:45:53,930 INFO [pool-7-thread-1] o.a.n.c.r.WriteAheadFlowFileRepository Initiating checkpoint of FlowFile Repository
2023-04-15 10:45:53,930 INFO [pool-7-thread-1] o.a.n.c.r.WriteAheadFlowFileRepository Successfully checkpointed FlowFile Repository with 0 records in 0 milliseconds
2023-04-15 10:45:58,572 INFO [Write-Ahead Local State Provider Maintenance] org.wali.MinimalLockingWriteAheadLog org.wali.MinimalLockingWriteAheadLog@4181a180 checkpointed with 1 Records and 0 Swap Files in 92 milliseconds (Stop-the-world time = 58 milliseconds, Clear Edit Logs time = 22 millis), max Transaction ID 8
2023-04-15 10:46:10,143 INFO [Cleanup Archive for default] o.a.n.c.repository.FileSystemRepository Successfully deleted 0 files (0 bytes) from archive
2023-04-15 10:46:10,144 INFO [Cleanup Archive for default] o.a.n.c.repository.FileSystemRepository Archive cleanup completed for container default; will now allow writing to this container. Bytes used = 141.52 GB, bytes free = 84.84 GB, capacity = 226.36 GB
2023-04-15 10:46:13,930 INFO [pool-7-thread-1] o.a.n.c.r.WriteAheadFlowFileRepository Initiating checkpoint of FlowFile Repository
2023-04-15 10:46:13,932 INFO [pool-7-thread-1] o.a.n.c.r.WriteAheadFlowFileRepository Successfully checkpointed FlowFile Repository with 0 records in 0 milliseconds
2023-04-15 10:46:33,932 INFO [pool-7-thread-1] o.a.n.c.r.WriteAheadFlowFileRepository Initiating checkpoint of FlowFile Repository
2023-04-15 10:46:33,933 INFO [pool-7-thread-1] o.a.n.c.r.WriteAheadFlowFileRepository Successfully checkpointed FlowFile Repository with 0 records in 0 milliseconds
2023-04-15 10:46:53,933 INFO [pool-7-thread-1] o.a.n.c.r.WriteAheadFlowFileRepository Initiating checkpoint of FlowFile Repository
2023-04-15 10:46:53,934 INFO [pool-7-thread-1] o.a.n.c.r.WriteAheadFlowFileRepository Successfully checkpointed FlowFile Repository with 0 records in 0 milliseconds
2023-04-15 10:47:10,307 INFO [Cleanup Archive for default] o.a.n.c.repository.FileSystemRepository Successfully deleted 0 files (0 bytes) from archive
2023-04-15 10:47:10,308 INFO [Cleanup Archive for default] o.a.n.c.repository.FileSystemRepository Archive cleanup completed for container default; will now allow writing to this container. Bytes used = 141.52 GB, bytes free = 84.84 GB, capacity = 226.36 GB
2023-04-15 10:47:13,938 INFO [pool-7-thread-1] o.a.n.c.r.WriteAheadFlowFileRepository Initiating checkpoint of FlowFile Repository
2023-04-15 10:47:13,939 INFO [pool-7-thread-1] o.a.n.c.r.WriteAheadFlowFileRepository Successfully checkpointed FlowFile Repository with 0 records in 0 milliseconds
2023-04-15 10:47:33,941 INFO [pool-7-thread-1] o.a.n.c.r.WriteAheadFlowFileRepository Initiating checkpoint of FlowFile Repository
2023-04-15 10:47:33,942 INFO [pool-7-thread-1] o.a.n.c.r.WriteAheadFlowFileRepository Successfully checkpointed FlowFile Repository with 0 records in 0 milliseconds
2023-04-15 10:47:53,942 INFO [pool-7-thread-1] o.a.n.c.r.WriteAheadFlowFileRepository Initiating checkpoint of FlowFile Repository
2023-04-15 10:47:53,943 INFO [pool-7-thread-1] o.a.n.c.r.WriteAheadFlowFileRepository Successfully checkpointed FlowFile Repository with 0 records in 0 milliseconds
2023-04-15 10:47:58,655 INFO [Write-Ahead Local State Provider Maintenance] org.wali.MinimalLockingWriteAheadLog org.wali.MinimalLockingWriteAheadLog@4181a180 checkpointed with 1 Records and 0 Swap Files in 90 milliseconds (Stop-the-world time = 56 milliseconds, Clear Edit Logs time = 21 millis), max Transaction ID 8
2023-04-15 10:48:10,475 INFO [Cleanup Archive for default] o.a.n.c.repository.FileSystemRepository Successfully deleted 0 files (0 bytes) from archive
2023-04-15 10:48:10,475 INFO [Cleanup Archive for default] o.a.n.c.repository.FileSystemRepository Archive cleanup completed for container default; will now allow writing to this container. Bytes used = 141.52 GB, bytes free = 84.84 GB, capacity = 226.36 GB
2023-04-15 10:48:13,944 INFO [pool-7-thread-1] o.a.n.c.r.WriteAheadFlowFileRepository Initiating checkpoint of FlowFile Repository
2023-04-15 10:48:13,944 INFO [pool-7-thread-1] o.a.n.c.r.WriteAheadFlowFileRepository Successfully checkpointed FlowFile Repository with 0 records in 0 milliseconds
2023-04-15 10:48:33,944 INFO [pool-7-thread-1] o.a.n.c.r.WriteAheadFlowFileRepository Initiating checkpoint of FlowFile Repository
2023-04-15 10:48:33,945 INFO [pool-7-thread-1] o.a.n.c.r.WriteAheadFlowFileRepository Successfully checkpointed FlowFile Repository with 0 records in 0 milliseconds
2023-04-15 10:48:53,945 INFO [pool-7-thread-1] o.a.n.c.r.WriteAheadFlowFileRepository Initiating checkpoint of FlowFile Repository
2023-04-15 10:48:53,946 INFO [pool-7-thread-1] o.a.n.c.r.WriteAheadFlowFileRepository Successfully checkpointed FlowFile Repository with 0 records in 0 milliseconds
2023-04-15 10:49:10,693 INFO [Cleanup Archive for default] o.a.n.c.repository.FileSystemRepository Successfully deleted 0 files (0 bytes) from archive
2023-04-15 10:49:10,694 INFO [Cleanup Archive for default] o.a.n.c.repository.FileSystemRepository Archive cleanup completed for container default; will now allow writing to this container. Bytes used = 141.52 GB, bytes free = 84.84 GB, capacity = 226.36 GB
2023-04-15 10:49:13,947 INFO [pool-7-thread-1] o.a.n.c.r.WriteAheadFlowFileRepository Initiating checkpoint of FlowFile Repository
2023-04-15 10:49:13,948 INFO [pool-7-thread-1] o.a.n.c.r.WriteAheadFlowFileRepository Successfully checkpointed FlowFile Repository with 0 records in 0 milliseconds
2023-04-15 10:49:33,948 INFO [pool-7-thread-1] o.a.n.c.r.WriteAheadFlowFileRepository Initiating checkpoint of FlowFile Repository
2023-04-15 10:49:33,949 INFO [pool-7-thread-1] o.a.n.c.r.WriteAheadFlowFileRepository Successfully checkpointed FlowFile Repository with 0 records in 0 milliseconds
2023-04-15 10:49:53,948 INFO [pool-7-thread-1] o.a.n.c.r.WriteAheadFlowFileRepository Initiating checkpoint of FlowFile Repository
2023-04-15 10:49:53,949 INFO [pool-7-thread-1] o.a.n.c.r.WriteAheadFlowFileRepository Successfully checkpointed FlowFile Repository with 0 records in 0 milliseconds
2023-04-15 10:49:58,747 INFO [Write-Ahead Local State Provider Maintenance] org.wali.MinimalLockingWriteAheadLog org.wali.MinimalLockingWriteAheadLog@4181a180 checkpointed with 1 Records and 0 Swap Files in 98 milliseconds (Stop-the-world time = 57 milliseconds, Clear Edit Logs time = 27 millis), max Transaction ID 8
2023-04-15 10:50:10,871 INFO [Cleanup Archive for default] o.a.n.c.repository.FileSystemRepository Successfully deleted 0 files (0 bytes) from archive
2023-04-15 10:50:10,871 INFO [Cleanup Archive for default] o.a.n.c.repository.FileSystemRepository Archive cleanup completed for container default; will now allow writing to this container. Bytes used = 141.52 GB, bytes free = 84.84 GB, capacity = 226.36 GB
2023-04-15 10:50:13,950 INFO [pool-7-thread-1] o.a.n.c.r.WriteAheadFlowFileRepository Initiating checkpoint of FlowFile Repository
2023-04-15 10:50:13,951 INFO [pool-7-thread-1] o.a.n.c.r.WriteAheadFlowFileRepository Successfully checkpointed FlowFile Repository with 0 records in 0 milliseconds
2023-04-15 10:50:33,953 INFO [pool-7-thread-1] o.a.n.c.r.WriteAheadFlowFileRepository Initiating checkpoint of FlowFile Repository
2023-04-15 10:50:33,955 INFO [pool-7-thread-1] o.a.n.c.r.WriteAheadFlowFileRepository Successfully checkpointed FlowFile Repository with 0 records in 0 milliseconds
2023-04-15 10:50:53,956 INFO [pool-7-thread-1] o.a.n.c.r.WriteAheadFlowFileRepository Initiating checkpoint of FlowFile Repository
2023-04-15 10:50:53,957 INFO [pool-7-thread-1] o.a.n.c.r.WriteAheadFlowFileRepository Successfully checkpointed FlowFile Repository with 0 records in 0 milliseconds
2023-04-15 10:51:11,045 INFO [Cleanup Archive for default] o.a.n.c.repository.FileSystemRepository Successfully deleted 0 files (0 bytes) from archive
2023-04-15 10:51:11,045 INFO [Cleanup Archive for default] o.a.n.c.repository.FileSystemRepository Archive cleanup completed for container default; will now allow writing to this container. Bytes used = 141.53 GB, bytes free = 84.84 GB, capacity = 226.36 GB
2023-04-15 10:51:13,958 INFO [pool-7-thread-1] o.a.n.c.r.WriteAheadFlowFileRepository Initiating checkpoint of FlowFile Repository
2023-04-15 10:51:13,959 INFO [pool-7-thread-1] o.a.n.c.r.WriteAheadFlowFileRepository Successfully checkpointed FlowFile Repository with 0 records in 0 milliseconds
2023-04-15 10:51:33,960 INFO [pool-7-thread-1] o.a.n.c.r.WriteAheadFlowFileRepository Initiating checkpoint of FlowFile Repository
2023-04-15 10:51:33,961 INFO [pool-7-thread-1] o.a.n.c.r.WriteAheadFlowFileRepository Successfully checkpointed FlowFile Repository with 0 records in 0 milliseconds
2023-04-15 10:51:53,961 INFO [pool-7-thread-1] o.a.n.c.r.WriteAheadFlowFileRepository Initiating checkpoint of FlowFile Repository
2023-04-15 10:51:53,962 INFO [pool-7-thread-1] o.a.n.c.r.WriteAheadFlowFileRepository Successfully checkpointed FlowFile Repository with 0 records in 0 milliseconds
2023-04-15 10:51:58,828 INFO [Write-Ahead Local State Provider Maintenance] org.wali.MinimalLockingWriteAheadLog org.wali.MinimalLockingWriteAheadLog@4181a180 checkpointed with 1 Records and 0 Swap Files in 84 milliseconds (Stop-the-world time = 48 milliseconds, Clear Edit Logs time = 23 millis), max Transaction ID 8
2023-04-15 10:52:11,236 INFO [Cleanup Archive for default] o.a.n.c.repository.FileSystemRepository Successfully deleted 0 files (0 bytes) from archive
2023-04-15 10:52:11,237 INFO [Cleanup Archive for default] o.a.n.c.repository.FileSystemRepository Archive cleanup completed for container default; will now allow writing to this container. Bytes used = 141.52 GB, bytes free = 84.84 GB, capacity = 226.36 GB
2023-04-15 10:52:13,964 INFO [pool-7-thread-1] o.a.n.c.r.WriteAheadFlowFileRepository Initiating checkpoint of FlowFile Repository
2023-04-15 10:52:13,965 INFO [pool-7-thread-1] o.a.n.c.r.WriteAheadFlowFileRepository Successfully checkpointed FlowFile Repository with 0 records in 0 milliseconds
2023-04-15 10:52:33,968 INFO [pool-7-thread-1] o.a.n.c.r.WriteAheadFlowFileRepository Initiating checkpoint of FlowFile Repository
2023-04-15 10:52:33,969 INFO [pool-7-thread-1] o.a.n.c.r.WriteAheadFlowFileRepository Successfully checkpointed FlowFile Repository with 0 records in 0 milliseconds
2023-04-15 10:52:53,970 INFO [pool-7-thread-1] o.a.n.c.r.WriteAheadFlowFileRepository Initiating checkpoint of FlowFile Repository
2023-04-15 10:52:53,971 INFO [pool-7-thread-1] o.a.n.c.r.WriteAheadFlowFileRepository Successfully checkpointed FlowFile Repository with 0 records in 0 milliseconds
2023-04-15 10:53:11,442 INFO [Cleanup Archive for default] o.a.n.c.repository.FileSystemRepository Successfully deleted 0 files (0 bytes) from archive
2023-04-15 10:53:11,443 INFO [Cleanup Archive for default] o.a.n.c.repository.FileSystemRepository Archive cleanup completed for container default; will now allow writing to this container. Bytes used = 141.52 GB, bytes free = 84.84 GB, capacity = 226.36 GB
2023-04-15 10:53:13,973 INFO [pool-7-thread-1] o.a.n.c.r.WriteAheadFlowFileRepository Initiating checkpoint of FlowFile Repository
2023-04-15 10:53:13,974 INFO [pool-7-thread-1] o.a.n.c.r.WriteAheadFlowFileRepository Successfully checkpointed FlowFile Repository with 0 records in 0 milliseconds
2023-04-15 10:53:33,974 INFO [pool-7-thread-1] o.a.n.c.r.WriteAheadFlowFileRepository Initiating checkpoint of FlowFile Repository
2023-04-15 10:53:33,976 INFO [pool-7-thread-1] o.a.n.c.r.WriteAheadFlowFileRepository Successfully checkpointed FlowFile Repository with 0 records in 0 milliseconds
2023-04-15 10:53:53,976 INFO [pool-7-thread-1] o.a.n.c.r.WriteAheadFlowFileRepository Initiating checkpoint of FlowFile Repository
2023-04-15 10:53:53,978 INFO [pool-7-thread-1] o.a.n.c.r.WriteAheadFlowFileRepository Successfully checkpointed FlowFile Repository with 0 records in 0 milliseconds
2023-04-15 10:53:58,921 INFO [Write-Ahead Local State Provider Maintenance] org.wali.MinimalLockingWriteAheadLog org.wali.MinimalLockingWriteAheadLog@4181a180 checkpointed with 1 Records and 0 Swap Files in 95 milliseconds (Stop-the-world time = 56 milliseconds, Clear Edit Logs time = 24 millis), max Transaction ID 8
2023-04-15 10:54:11,547 INFO [Cleanup Archive for default] o.a.n.c.repository.FileSystemRepository Successfully deleted 0 files (0 bytes) from archive
2023-04-15 10:54:11,548 INFO [Cleanup Archive for default] o.a.n.c.repository.FileSystemRepository Archive cleanup completed for container default; will now allow writing to this container. Bytes used = 141.53 GB, bytes free = 84.83 GB, capacity = 226.36 GB
2023-04-15 10:54:13,979 INFO [pool-7-thread-1] o.a.n.c.r.WriteAheadFlowFileRepository Initiating checkpoint of FlowFile Repository
2023-04-15 10:54:13,980 INFO [pool-7-thread-1] o.a.n.c.r.WriteAheadFlowFileRepository Successfully checkpointed FlowFile Repository with 0 records in 0 milliseconds
2023-04-15 10:54:33,983 INFO [pool-7-thread-1] o.a.n.c.r.WriteAheadFlowFileRepository Initiating checkpoint of FlowFile Repository
2023-04-15 10:54:33,983 INFO [pool-7-thread-1] o.a.n.c.r.WriteAheadFlowFileRepository Successfully checkpointed FlowFile Repository with 0 records in 0 milliseconds
2023-04-15 10:54:53,985 INFO [pool-7-thread-1] o.a.n.c.r.WriteAheadFlowFileRepository Initiating checkpoint of FlowFile Repository
2023-04-15 10:54:53,985 INFO [pool-7-thread-1] o.a.n.c.r.WriteAheadFlowFileRepository Successfully checkpointed FlowFile Repository with 0 records in 0 milliseconds
2023-04-15 10:55:11,738 INFO [Cleanup Archive for default] o.a.n.c.repository.FileSystemRepository Successfully deleted 0 files (0 bytes) from archive
2023-04-15 10:55:11,739 INFO [Cleanup Archive for default] o.a.n.c.repository.FileSystemRepository Archive cleanup completed for container default; will now allow writing to this container. Bytes used = 141.53 GB, bytes free = 84.83 GB, capacity = 226.36 GB
2023-04-15 10:55:13,987 INFO [pool-7-thread-1] o.a.n.c.r.WriteAheadFlowFileRepository Initiating checkpoint of FlowFile Repository
2023-04-15 10:55:13,987 INFO [pool-7-thread-1] o.a.n.c.r.WriteAheadFlowFileRepository Successfully checkpointed FlowFile Repository with 0 records in 0 milliseconds
2023-04-15 10:55:33,988 INFO [pool-7-thread-1] o.a.n.c.r.WriteAheadFlowFileRepository Initiating checkpoint of FlowFile Repository
2023-04-15 10:55:33,989 INFO [pool-7-thread-1] o.a.n.c.r.WriteAheadFlowFileRepository Successfully checkpointed FlowFile Repository with 0 records in 0 milliseconds
2023-04-15 10:55:53,991 INFO [pool-7-thread-1] o.a.n.c.r.WriteAheadFlowFileRepository Initiating checkpoint of FlowFile Repository
2023-04-15 10:55:53,991 INFO [pool-7-thread-1] o.a.n.c.r.WriteAheadFlowFileRepository Successfully checkpointed FlowFile Repository with 0 records in 0 milliseconds
2023-04-15 10:55:58,999 INFO [Write-Ahead Local State Provider Maintenance] org.wali.MinimalLockingWriteAheadLog org.wali.MinimalLockingWriteAheadLog@4181a180 checkpointed with 1 Records and 0 Swap Files in 80 milliseconds (Stop-the-world time = 46 milliseconds, Clear Edit Logs time = 21 millis), max Transaction ID 8
2023-04-15 10:56:12,940 INFO [Cleanup Archive for default] o.a.n.c.repository.FileSystemRepository Successfully deleted 0 files (0 bytes) from archive
2023-04-15 10:56:12,945 INFO [Cleanup Archive for default] o.a.n.c.repository.FileSystemRepository Archive cleanup completed for container default; will now allow writing to this container. Bytes used = 141.53 GB, bytes free = 84.83 GB, capacity = 226.36 GB
2023-04-15 10:56:13,993 INFO [pool-7-thread-1] o.a.n.c.r.WriteAheadFlowFileRepository Initiating checkpoint of FlowFile Repository
2023-04-15 10:56:13,993 INFO [pool-7-thread-1] o.a.n.c.r.WriteAheadFlowFileRepository Successfully checkpointed FlowFile Repository with 0 records in 0 milliseconds
2023-04-15 10:56:33,993 INFO [pool-7-thread-1] o.a.n.c.r.WriteAheadFlowFileRepository Initiating checkpoint of FlowFile Repository
2023-04-15 10:56:33,994 INFO [pool-7-thread-1] o.a.n.c.r.WriteAheadFlowFileRepository Successfully checkpointed FlowFile Repository with 0 records in 0 milliseconds
2023-04-15 10:56:53,995 INFO [pool-7-thread-1] o.a.n.c.r.WriteAheadFlowFileRepository Initiating checkpoint of FlowFile Repository
2023-04-15 10:56:53,996 INFO [pool-7-thread-1] o.a.n.c.r.WriteAheadFlowFileRepository Successfully checkpointed FlowFile Repository with 0 records in 0 milliseconds
2023-04-15 10:57:13,071 INFO [Cleanup Archive for default] o.a.n.c.repository.FileSystemRepository Successfully deleted 0 files (0 bytes) from archive
2023-04-15 10:57:13,071 INFO [Cleanup Archive for default] o.a.n.c.repository.FileSystemRepository Archive cleanup completed for container default; will now allow writing to this container. Bytes used = 141.53 GB, bytes free = 84.83 GB, capacity = 226.36 GB
2023-04-15 10:57:13,997 INFO [pool-7-thread-1] o.a.n.c.r.WriteAheadFlowFileRepository Initiating checkpoint of FlowFile Repository
2023-04-15 10:57:13,998 INFO [pool-7-thread-1] o.a.n.c.r.WriteAheadFlowFileRepository Successfully checkpointed FlowFile Repository with 0 records in 0 milliseconds
2023-04-15 10:57:33,999 INFO [pool-7-thread-1] o.a.n.c.r.WriteAheadFlowFileRepository Initiating checkpoint of FlowFile Repository
2023-04-15 10:57:34,001 INFO [pool-7-thread-1] o.a.n.c.r.WriteAheadFlowFileRepository Successfully checkpointed FlowFile Repository with 0 records in 0 milliseconds
2023-04-15 10:57:54,002 INFO [pool-7-thread-1] o.a.n.c.r.WriteAheadFlowFileRepository Initiating checkpoint of FlowFile Repository
2023-04-15 10:57:54,003 INFO [pool-7-thread-1] o.a.n.c.r.WriteAheadFlowFileRepository Successfully checkpointed FlowFile Repository with 0 records in 0 milliseconds
2023-04-15 10:57:59,082 INFO [Write-Ahead Local State Provider Maintenance] org.wali.MinimalLockingWriteAheadLog org.wali.MinimalLockingWriteAheadLog@4181a180 checkpointed with 1 Records and 0 Swap Files in 83 milliseconds (Stop-the-world time = 52 milliseconds, Clear Edit Logs time = 21 millis), max Transaction ID 8
2023-04-15 10:58:13,168 INFO [Cleanup Archive for default] o.a.n.c.repository.FileSystemRepository Successfully deleted 0 files (0 bytes) from archive
2023-04-15 10:58:13,168 INFO [Cleanup Archive for default] o.a.n.c.repository.FileSystemRepository Archive cleanup completed for container default; will now allow writing to this container. Bytes used = 141.53 GB, bytes free = 84.83 GB, capacity = 226.36 GB
2023-04-15 10:58:14,003 INFO [pool-7-thread-1] o.a.n.c.r.WriteAheadFlowFileRepository Initiating checkpoint of FlowFile Repository
2023-04-15 10:58:14,004 INFO [pool-7-thread-1] o.a.n.c.r.WriteAheadFlowFileRepository Successfully checkpointed FlowFile Repository with 0 records in 0 milliseconds
2023-04-15 10:58:34,009 INFO [pool-7-thread-1] o.a.n.c.r.WriteAheadFlowFileRepository Initiating checkpoint of FlowFile Repository
2023-04-15 10:58:34,010 INFO [pool-7-thread-1] o.a.n.c.r.WriteAheadFlowFileRepository Successfully checkpointed FlowFile Repository with 0 records in 0 milliseconds
2023-04-15 10:58:54,005 INFO [pool-7-thread-1] o.a.n.c.r.WriteAheadFlowFileRepository Initiating checkpoint of FlowFile Repository
2023-04-15 10:58:54,005 INFO [pool-7-thread-1] o.a.n.c.r.WriteAheadFlowFileRepository Successfully checkpointed FlowFile Repository with 0 records in 0 milliseconds
2023-04-15 10:59:13,399 INFO [Cleanup Archive for default] o.a.n.c.repository.FileSystemRepository Successfully deleted 0 files (0 bytes) from archive
2023-04-15 10:59:13,399 INFO [Cleanup Archive for default] o.a.n.c.repository.FileSystemRepository Archive cleanup completed for container default; will now allow writing to this container. Bytes used = 141.53 GB, bytes free = 84.83 GB, capacity = 226.36 GB
2023-04-15 10:59:14,007 INFO [pool-7-thread-1] o.a.n.c.r.WriteAheadFlowFileRepository Initiating checkpoint of FlowFile Repository
2023-04-15 10:59:14,008 INFO [pool-7-thread-1] o.a.n.c.r.WriteAheadFlowFileRepository Successfully checkpointed FlowFile Repository with 0 records in 0 milliseconds
2023-04-15 10:59:34,010 INFO [pool-7-thread-1] o.a.n.c.r.WriteAheadFlowFileRepository Initiating checkpoint of FlowFile Repository
2023-04-15 10:59:34,011 INFO [pool-7-thread-1] o.a.n.c.r.WriteAheadFlowFileRepository Successfully checkpointed FlowFile Repository with 0 records in 0 milliseconds
2023-04-15 10:59:54,013 INFO [pool-7-thread-1] o.a.n.c.r.WriteAheadFlowFileRepository Initiating checkpoint of FlowFile Repository
2023-04-15 10:59:54,014 INFO [pool-7-thread-1] o.a.n.c.r.WriteAheadFlowFileRepository Successfully checkpointed FlowFile Repository with 0 records in 0 milliseconds
2023-04-15 10:59:59,176 INFO [Write-Ahead Local State Provider Maintenance] org.wali.MinimalLockingWriteAheadLog org.wali.MinimalLockingWriteAheadLog@4181a180 checkpointed with 1 Records and 0 Swap Files in 93 milliseconds (Stop-the-world time = 62 milliseconds, Clear Edit Logs time = 22 millis), max Transaction ID 8
